Copyright 1986-2016 Xilinx, Inc. All Rights Reserved.
--------------------------------------------------------------------------------------------
| Tool Version      : Vivado v.2016.2 (win64) Build 1577090 Thu Jun  2 16:32:40 MDT 2016
| Date              : Thu Oct 13 17:04:09 2016
| Host              : Starle-Laptop running 64-bit major release  (build 9200)
| Command           : report_clock_utilization -file topdesign_clock_utilization_routed.rpt
| Design            : topdesign
| Device            : 7a35t-cpg236
| Speed File        : -1  PRODUCTION 1.14 2014-09-11
| Temperature Grade : C
--------------------------------------------------------------------------------------------

Clock Utilization Report

Table of Contents
-----------------
1. Clock Primitive Utilization
2. Global Clock Resources
3. Global Clock Source Details
4. Local Clock Details
5. Clock Regions: Key Resource Utilization
6. Clock Regions : Global Clock Summary
7. Cell Type Counts per Global Clock: Region X0Y0
8. Cell Type Counts per Global Clock: Region X1Y0
9. Cell Type Counts per Global Clock: Region X0Y1
10. Cell Type Counts per Global Clock: Region X1Y1
11. Cell Type Counts per Global Clock: Region X0Y2
12. Cell Type Counts per Global Clock: Region X1Y2
13. Load Cell Placement Summary for Global Clock g0
14. Load Cell Placement Summary for Global Clock g1
15. Load Cell Placement Summary for Global Clock g2
16. Load Cell Placement Summary for Global Clock g3

1. Clock Primitive Utilization
------------------------------

+----------+------+-----------+-----+--------------+--------+
| Type     | Used | Available | LOC | Clock Region | Pblock |
+----------+------+-----------+-----+--------------+--------+
| BUFGCTRL |    4 |        32 |   0 |            0 |      0 |
| BUFH     |    0 |        72 |   0 |            0 |      0 |
| BUFIO    |    0 |        20 |   0 |            0 |      0 |
| BUFMR    |    0 |        10 |   0 |            0 |      0 |
| BUFR     |    0 |        20 |   0 |            0 |      0 |
| MMCM     |    0 |         5 |   0 |            0 |      0 |
| PLL      |    0 |         5 |   0 |            0 |      0 |
+----------+------+-----------+-----+--------------+--------+


2. Global Clock Resources
-------------------------

+-------+-------+-----------------+------------+---------------+--------------+------+-------------------+---------------+-------------+-----------------+--------------+---------------------------------------------------------------------+-----------------------------------------------+--------------------------+
| GlbID | SrcId | Driver Type/Pin | Constraint | Site          | Clock Region | Root | Clock Delay Group | Clock Regions | Clock Loads | Non-Clock Loads | Clock Period | Clock                                                               | Driver Pin                                    | Net                      |
+-------+-------+-----------------+------------+---------------+--------------+------+-------------------+---------------+-------------+-----------------+--------------+---------------------------------------------------------------------+-----------------------------------------------+--------------------------+
| g0    | src0  | BUFG/O          | None       | BUFGCTRL_X0Y0 | n/a          |      |                   |             6 |        5514 |               1 |       10.000 | sys_clk_pin                                                         | clkout_OBUF_BUFG_inst/O                       | clkout_OBUF_BUFG         |
| g1    | src1  | BUFG/O          | None       | BUFGCTRL_X0Y1 | n/a          |      |                   |             2 |         269 |               0 |       30.000 | dbg_hub/inst/N_EXT_BSCAN.bscan_inst/SERIES7_BSCAN.bscan_inst/DRCK   | dbg_hub/inst/N_EXT_BSCAN.u_bufg_icon/O        | dbg_hub/inst/idrck       |
| g2    | src2  | BUFG/O          | None       | BUFGCTRL_X0Y2 | n/a          |      |                   |             6 |         156 |               3 |              |                                                                     | u_ila_0_fifoclk_BUFG_inst/O                   | lopt_1                   |
| g3    | src1  | BUFG/O          | None       | BUFGCTRL_X0Y3 | n/a          |      |                   |             1 |           1 |               0 |       60.000 | dbg_hub/inst/N_EXT_BSCAN.bscan_inst/SERIES7_BSCAN.bscan_inst/UPDATE | dbg_hub/inst/N_EXT_BSCAN.u_bufg_icon_update/O | dbg_hub/inst/UPDATE_temp |
+-------+-------+-----------------+------------+---------------+--------------+------+-------------------+---------------+-------------+-----------------+--------------+---------------------------------------------------------------------+-----------------------------------------------+--------------------------+
* Note: Multiple constraint types applied to the driver. Please check for potential conflicts.


3. Global Clock Source Details
------------------------------

+-------+--------+-----------------+------------+--------------+--------------+-------------+-----------------+---------------------+---------------------------------------------------------------------+---------------------------------------------------------------------+--------------------------------------------+
| SrcID | GlbIDs | Driver Type/Pin | Constraint | Site         | Clock Region | Clock Loads | Non-Clock Loads | Source Clock Period | Source Clock                                                        | Driver Pin                                                          | Net                                        |
+-------+--------+-----------------+------------+--------------+--------------+-------------+-----------------+---------------------+---------------------------------------------------------------------+---------------------------------------------------------------------+--------------------------------------------+
| src0  | g0     | IBUF/O          | IOB_X1Y26  | IOB_X1Y26    | X1Y0         |           0 |               1 |              10.000 | sys_clk_pin                                                         | clkin_IBUF_inst/O                                                   | clkout_OBUF                                |
| src1  | g1     | BSCANE2/DRCK    | None       | BSCAN_X0Y0   | X0Y0         |           0 |               1 |              30.000 | dbg_hub/inst/N_EXT_BSCAN.bscan_inst/SERIES7_BSCAN.bscan_inst/DRCK   | dbg_hub/inst/N_EXT_BSCAN.bscan_inst/SERIES7_BSCAN.bscan_inst/DRCK   | dbg_hub/inst/N_EXT_BSCAN.bscan_inst/DRCK   |
| src1  | g3     | BSCANE2/UPDATE  | None       | BSCAN_X0Y0   | X0Y0         |           0 |               1 |              60.000 | dbg_hub/inst/N_EXT_BSCAN.bscan_inst/SERIES7_BSCAN.bscan_inst/UPDATE | dbg_hub/inst/N_EXT_BSCAN.bscan_inst/SERIES7_BSCAN.bscan_inst/UPDATE | dbg_hub/inst/N_EXT_BSCAN.bscan_inst/UPDATE |
| src2  | g2     | FDRE/Q          | None       | SLICE_X36Y46 | X1Y0         |           0 |               1 |                     |                                                                     | Um/UfreqDiv/clkdiv2_reg/Q                                           | Um/UfreqDiv/wrreq_reg                      |
+-------+--------+-----------------+------------+--------------+--------------+-------------+-----------------+---------------------+---------------------------------------------------------------------+---------------------------------------------------------------------+--------------------------------------------+
* Note: Multiple constraint types applied to the driver. Please check for potential conflicts.


4. Local Clock Details
----------------------

+-------+-----------------+------------+------------------+--------------+-------------+-----------------+--------------+-------+---------------------------+-----------------+
| LocId | Driver Type/Pin | Constraint | Site/BEL         | Clock Region | Clock Loads | Non-Clock Loads | Clock Period | Clock | Driver Pin                | Net             |
+-------+-----------------+------------+------------------+--------------+-------------+-----------------+--------------+-------+---------------------------+-----------------+
| 0     | FDRE/Q          | None       | SLICE_X14Y77/AFF | X0Y1         |          26 |               1 |              |       | Um/UfreqDiv/clkdiv4_reg/Q | Um/UfreqDiv/clk |
+-------+-----------------+------------+------------------+--------------+-------------+-----------------+--------------+-------+---------------------------+-----------------+
* Note: Multiple constraint types applied to the driver. Please check for potential conflicts.


5. Clock Regions: Key Resource Utilization
------------------------------------------

+-------------------+--------------+--------------+--------------+--------------+--------------+--------------+--------------+--------------+--------------+--------------+--------------+--------------+--------------+--------------+--------------+
|                   | Global Clock |     BUFRs    |    BUFMRs    |    BUFIOs    |     MMCM     |      PLL     |      GT      |      PCI     |    ILOGIC    |    OLOGIC    |      FF      |     LUTM     |    RAMB18    |    RAMB36    |    DSP48E2   |
+-------------------+------+-------+------+-------+------+-------+------+-------+------+-------+------+-------+------+-------+------+-------+------+-------+------+-------+------+-------+------+-------+------+-------+------+-------+------+-------+
| Clock Region Name | Used | Avail | Used | Avail | Used | Avail | Used | Avail | Used | Avail | Used | Avail | Used | Avail | Used | Avail | Used | Avail | Used | Avail | Used | Avail | Used | Avail | Used | Avail | Used | Avail | Used | Avail |
+-------------------+------+-------+------+-------+------+-------+------+-------+------+-------+------+-------+------+-------+------+-------+------+-------+------+-------+------+-------+------+-------+------+-------+------+-------+------+-------+
| X0Y0              |    2 |    12 |    0 |     4 |    0 |     2 |    0 |     4 |    0 |     1 |    0 |     1 |    0 |     0 |    0 |     0 |    0 |    50 |    0 |    50 |    7 |  9600 |    4 |  1600 |    0 |     0 |    4 |    10 |    0 |    20 |
| X1Y0              |    2 |    12 |    0 |     4 |    0 |     2 |    0 |     4 |    0 |     1 |    0 |     1 |    0 |     0 |    0 |     0 |    0 |    50 |    0 |    50 |    9 | 12000 |    3 |  1800 |    0 |     0 |    5 |    20 |    0 |    20 |
| X0Y1              |    2 |    12 |    0 |     4 |    0 |     2 |    0 |     4 |    0 |     1 |    0 |     1 |    0 |     0 |    0 |     0 |    0 |    50 |    0 |    50 |   30 |  9600 |    8 |  1600 |    0 |     0 |    5 |    10 |    0 |    20 |
| X1Y1              |    2 |    12 |    0 |     4 |    0 |     2 |    0 |     4 |    0 |     1 |    0 |     1 |    0 |     0 |    0 |     0 |    0 |    50 |    0 |    50 |   32 | 12000 |    4 |  1800 |    0 |     0 |   12 |    20 |    0 |    20 |
| X0Y2              |    4 |    12 |    0 |     4 |    0 |     2 |    0 |     4 |    0 |     1 |    0 |     1 |    0 |     0 |    0 |     0 |    0 |    50 |    0 |    50 | 3324 | 14400 |  717 |  1600 |    0 |     0 |    4 |    10 |    0 |    20 |
| X1Y2              |    3 |    12 |    0 |     0 |    0 |     0 |    0 |     0 |    0 |     0 |    0 |     0 |    0 |     5 |    0 |     0 |    0 |     0 |    0 |     0 | 1160 |  7600 |  123 |  1200 |    0 |     0 |    3 |     5 |    0 |    20 |
+-------------------+------+-------+------+-------+------+-------+------+-------+------+-------+------+-------+------+-------+------+-------+------+-------+------+-------+------+-------+------+-------+------+-------+------+-------+------+-------+
* Used Global Clocks includes only global clock resources based on load placement but does not consider global clock resources used to traverse a clock region. Therefore the actual total of Used Global Clocks may be higher.
** RAMB36 site can be used as two RAMB18/FIFO18 sites.


6. Clock Regions : Global Clock Summary
---------------------------------------

+----+----+----+
|    | X0 | X1 |
+----+----+----+
| Y2 |  4 |  3 |
| Y1 |  2 |  2 |
| Y0 |  2 |  2 |
+----+----+----+
* Used Global Clocks includes only global clock resources based on load placement but does not consider global clock resources used to traverse a clock region. Therefore the actual total of Used Global Clocks may be higher.


7. Cell Type Counts per Global Clock: Region X0Y0
-------------------------------------------------

+-------+-------+-----------------+------------+-------------+-----------------+----+--------+------+-----+----+------+-----+---------+------------------+
| GlbID | Track | Driver Type/Pin | Constraint | Clock Loads | Non-Clock Loads | FF | LUTRAM | RAMB | DSP | GT | MMCM | PLL | Hard IP | Net              |
+-------+-------+-----------------+------------+-------------+-----------------+----+--------+------+-----+----+------+-----+---------+------------------+
| g0    | n/a   | BUFG/O          | None       |           0 |               1 |  0 |      0 |    0 |   0 |  0 |    0 |   0 |       0 | clkout_OBUF_BUFG |
| g2    | n/a   | BUFG/O          | None       |           0 |              11 |  7 |      4 |    4 |   0 |  0 |    0 |   0 |       0 | lopt_1           |
+-------+-------+-----------------+------------+-------------+-----------------+----+--------+------+-----+----+------+-----+---------+------------------+
* Note: Multiple constraint types applied to the driver. Please check for potential conflicts.


8. Cell Type Counts per Global Clock: Region X1Y0
-------------------------------------------------

+-------+-------+-----------------+------------+-------------+-----------------+----+--------+------+-----+----+------+-----+---------+------------------+
| GlbID | Track | Driver Type/Pin | Constraint | Clock Loads | Non-Clock Loads | FF | LUTRAM | RAMB | DSP | GT | MMCM | PLL | Hard IP | Net              |
+-------+-------+-----------------+------------+-------------+-----------------+----+--------+------+-----+----+------+-----+---------+------------------+
| g0    | n/a   | BUFG/O          | None       |           0 |               1 |  1 |      0 |    0 |   0 |  0 |    0 |   0 |       0 | clkout_OBUF_BUFG |
| g2    | n/a   | BUFG/O          | None       |           0 |              13 |  8 |      3 |    5 |   0 |  0 |    0 |   0 |       0 | lopt_1           |
+-------+-------+-----------------+------------+-------------+-----------------+----+--------+------+-----+----+------+-----+---------+------------------+
* Note: Multiple constraint types applied to the driver. Please check for potential conflicts.


9. Cell Type Counts per Global Clock: Region X0Y1
-------------------------------------------------

+-------+-------+-----------------+------------+-------------+-----------------+----+--------+------+-----+----+------+-----+---------+------------------+
| GlbID | Track | Driver Type/Pin | Constraint | Clock Loads | Non-Clock Loads | FF | LUTRAM | RAMB | DSP | GT | MMCM | PLL | Hard IP | Net              |
+-------+-------+-----------------+------------+-------------+-----------------+----+--------+------+-----+----+------+-----+---------+------------------+
| g0    | n/a   | BUFG/O          | None       |           0 |               2 |  2 |      2 |    0 |   0 |  0 |    0 |   0 |       0 | clkout_OBUF_BUFG |
| g2    | n/a   | BUFG/O          | None       |           0 |              12 |  7 |      5 |    5 |   0 |  0 |    0 |   0 |       0 | lopt_1           |
+-------+-------+-----------------+------------+-------------+-----------------+----+--------+------+-----+----+------+-----+---------+------------------+
* Note: Multiple constraint types applied to the driver. Please check for potential conflicts.


10. Cell Type Counts per Global Clock: Region X1Y1
--------------------------------------------------

+-------+-------+-----------------+------------+-------------+-----------------+----+--------+------+-----+----+------+-----+---------+------------------+
| GlbID | Track | Driver Type/Pin | Constraint | Clock Loads | Non-Clock Loads | FF | LUTRAM | RAMB | DSP | GT | MMCM | PLL | Hard IP | Net              |
+-------+-------+-----------------+------------+-------------+-----------------+----+--------+------+-----+----+------+-----+---------+------------------+
| g0    | n/a   | BUFG/O          | None       |           0 |               2 |  1 |      1 |    1 |   0 |  0 |    0 |   0 |       0 | clkout_OBUF_BUFG |
| g2    | n/a   | BUFG/O          | None       |           0 |              43 | 32 |      4 |   11 |   0 |  0 |    0 |   0 |       0 | lopt_1           |
+-------+-------+-----------------+------------+-------------+-----------------+----+--------+------+-----+----+------+-----+---------+------------------+
* Note: Multiple constraint types applied to the driver. Please check for potential conflicts.


11. Cell Type Counts per Global Clock: Region X0Y2
--------------------------------------------------

+-------+-------+-----------------+------------+-------------+-----------------+------+--------+------+-----+----+------+-----+---------+--------------------------+
| GlbID | Track | Driver Type/Pin | Constraint | Clock Loads | Non-Clock Loads | FF   | LUTRAM | RAMB | DSP | GT | MMCM | PLL | Hard IP | Net                      |
+-------+-------+-----------------+------------+-------------+-----------------+------+--------+------+-----+----+------+-----+---------+--------------------------+
| g0    | n/a   | BUFG/O          | None       |           0 |            3220 | 3220 |    709 |    0 |   0 |  0 |    0 |   0 |       0 | clkout_OBUF_BUFG         |
| g1    | n/a   | BUFG/O          | None       |           0 |              95 |   95 |      7 |    0 |   0 |  0 |    0 |   0 |       0 | dbg_hub/inst/idrck       |
| g2    | n/a   | BUFG/O          | None       |           0 |              14 |   10 |      1 |    4 |   0 |  0 |    0 |   0 |       0 | lopt_1                   |
| g3    | n/a   | BUFG/O          | None       |           0 |               1 |    1 |      1 |    0 |   0 |  0 |    0 |   0 |       0 | dbg_hub/inst/UPDATE_temp |
+-------+-------+-----------------+------------+-------------+-----------------+------+--------+------+-----+----+------+-----+---------+--------------------------+
* Note: Multiple constraint types applied to the driver. Please check for potential conflicts.


12. Cell Type Counts per Global Clock: Region X1Y2
--------------------------------------------------

+-------+-------+-----------------+------------+-------------+-----------------+------+--------+------+-----+----+------+-----+---------+--------------------+
| GlbID | Track | Driver Type/Pin | Constraint | Clock Loads | Non-Clock Loads | FF   | LUTRAM | RAMB | DSP | GT | MMCM | PLL | Hard IP | Net                |
+-------+-------+-----------------+------------+-------------+-----------------+------+--------+------+-----+----+------+-----+---------+--------------------+
| g0    | n/a   | BUFG/O          | None       |           0 |            1040 | 1040 |    111 |    0 |   0 |  0 |    0 |   0 |       0 | clkout_OBUF_BUFG   |
| g1    | n/a   | BUFG/O          | None       |           0 |             120 |  120 |     12 |    0 |   0 |  0 |    0 |   0 |       0 | dbg_hub/inst/idrck |
| g2    | n/a   | BUFG/O          | None       |           0 |               5 |    2 |      2 |    3 |   0 |  0 |    0 |   0 |       0 | lopt_1             |
+-------+-------+-----------------+------------+-------------+-----------------+------+--------+------+-----+----+------+-----+---------+--------------------+
* Note: Multiple constraint types applied to the driver. Please check for potential conflicts.


13. Load Cell Placement Summary for Global Clock g0
---------------------------------------------------

+-------+-----------------+-------------------+-------------+-------------+---------------+----------+-------------+----------+-------------+----+------------------+
| GlbID | Driver Type/Pin | Driver Region (D) | Clock       | Period (ns) | Waveform (ns) | Root (R) | Slice Loads | IO Loads | Clock Loads | GT | Net              |
+-------+-----------------+-------------------+-------------+-------------+---------------+----------+-------------+----------+-------------+----+------------------+
| g0    | BUFG/O          | n/a               | sys_clk_pin |      10.000 | {0.000 5.000} |          |        4265 |        1 |           0 |  0 | clkout_OBUF_BUFG |
+-------+-----------------+-------------------+-------------+-------------+---------------+----------+-------------+----------+-------------+----+------------------+


+----+-------+-------+
|    | X0    | X1    |
+----+-------+-------+
| Y2 |  3220 |  1040 |
| Y1 |     2 |     2 |
| Y0 |     1 |     1 |
+----+-------+-------+


14. Load Cell Placement Summary for Global Clock g1
---------------------------------------------------

+-------+-----------------+-------------------+-------------------------------------------------------------------+-------------+----------------+----------+-------------+----------+-------------+----+--------------------+
| GlbID | Driver Type/Pin | Driver Region (D) | Clock                                                             | Period (ns) | Waveform (ns)  | Root (R) | Slice Loads | IO Loads | Clock Loads | GT | Net                |
+-------+-----------------+-------------------+-------------------------------------------------------------------+-------------+----------------+----------+-------------+----------+-------------+----+--------------------+
| g1    | BUFG/O          | n/a               | dbg_hub/inst/N_EXT_BSCAN.bscan_inst/SERIES7_BSCAN.bscan_inst/DRCK |      30.000 | {0.000 15.000} |          |         215 |        0 |           0 |  0 | dbg_hub/inst/idrck |
+-------+-----------------+-------------------+-------------------------------------------------------------------+-------------+----------------+----------+-------------+----------+-------------+----+--------------------+


+----+-----+------+
|    | X0  | X1   |
+----+-----+------+
| Y2 |  95 |  120 |
| Y1 |   0 |    0 |
| Y0 |   0 |    0 |
+----+-----+------+


15. Load Cell Placement Summary for Global Clock g2
---------------------------------------------------

+-------+-----------------+-------------------+-------+-------------+---------------+----------+-------------+----------+-------------+----+--------+
| GlbID | Driver Type/Pin | Driver Region (D) | Clock | Period (ns) | Waveform (ns) | Root (R) | Slice Loads | IO Loads | Clock Loads | GT | Net    |
+-------+-----------------+-------------------+-------+-------------+---------------+----------+-------------+----------+-------------+----+--------+
| g2    | BUFG/O          | n/a               |       |             |               |          |          98 |        0 |           0 |  0 | lopt_1 |
+-------+-----------------+-------------------+-------+-------------+---------------+----------+-------------+----------+-------------+----+--------+


+----+-----+-----+
|    | X0  | X1  |
+----+-----+-----+
| Y2 |  14 |   5 |
| Y1 |  12 |  43 |
| Y0 |  11 |  13 |
+----+-----+-----+


16. Load Cell Placement Summary for Global Clock g3
---------------------------------------------------

+-------+-----------------+-------------------+---------------------------------------------------------------------+-------------+----------------+----------+-------------+----------+-------------+----+--------------------------+
| GlbID | Driver Type/Pin | Driver Region (D) | Clock                                                               | Period (ns) | Waveform (ns)  | Root (R) | Slice Loads | IO Loads | Clock Loads | GT | Net                      |
+-------+-----------------+-------------------+---------------------------------------------------------------------+-------------+----------------+----------+-------------+----------+-------------+----+--------------------------+
| g3    | BUFG/O          | n/a               | dbg_hub/inst/N_EXT_BSCAN.bscan_inst/SERIES7_BSCAN.bscan_inst/UPDATE |      60.000 | {0.000 30.000} |          |           1 |        0 |           0 |  0 | dbg_hub/inst/UPDATE_temp |
+-------+-----------------+-------------------+---------------------------------------------------------------------+-------------+----------------+----------+-------------+----------+-------------+----+--------------------------+


+----+----+----+
|    | X0 | X1 |
+----+----+----+
| Y2 |  1 |  0 |
| Y1 |  0 |  0 |
| Y0 |  0 |  0 |
+----+----+----+



# Location of BUFG Primitives 
set_property LOC BUFGCTRL_X0Y2 [get_cells u_ila_0_fifoclk_BUFG_inst]
set_property LOC BUFGCTRL_X0Y1 [get_cells dbg_hub/inst/N_EXT_BSCAN.u_bufg_icon]
set_property LOC BUFGCTRL_X0Y3 [get_cells dbg_hub/inst/N_EXT_BSCAN.u_bufg_icon_update]
set_property LOC BUFGCTRL_X0Y0 [get_cells clkout_OBUF_BUFG_inst]

# Location of IO Primitives which is load of clock spine
set_property LOC IOB_X0Y24 [get_cells clkout_OBUF_inst]

# Location of clock ports
set_property LOC IOB_X1Y26 [get_ports clkin]

# Clock net "lopt_1" driven by instance "u_ila_0_fifoclk_BUFG_inst" located at site "BUFGCTRL_X0Y2"
#startgroup
create_pblock {CLKAG_lopt_1}
add_cells_to_pblock [get_pblocks  {CLKAG_lopt_1}] [get_cells -filter { PRIMITIVE_GROUP != I/O && IS_PRIMITIVE==1 && PRIMITIVE_LEVEL !=INTERNAL } -of_object [get_pins -filter {DIRECTION==IN} -of_objects [get_nets -hierarchical -filter {PARENT=="lopt_1"}]]]
resize_pblock [get_pblocks {CLKAG_lopt_1}] -add {CLOCKREGION_X0Y0:CLOCKREGION_X0Y0 CLOCKREGION_X0Y1:CLOCKREGION_X0Y1 CLOCKREGION_X0Y2:CLOCKREGION_X0Y2 CLOCKREGION_X1Y0:CLOCKREGION_X1Y0 CLOCKREGION_X1Y1:CLOCKREGION_X1Y1 CLOCKREGION_X1Y2:CLOCKREGION_X1Y2}
#endgroup

# Clock net "dbg_hub/inst/idrck" driven by instance "dbg_hub/inst/N_EXT_BSCAN.u_bufg_icon" located at site "BUFGCTRL_X0Y1"
#startgroup
create_pblock {CLKAG_dbg_hub/inst/idrck}
add_cells_to_pblock [get_pblocks  {CLKAG_dbg_hub/inst/idrck}] [get_cells -filter { PRIMITIVE_GROUP != I/O && IS_PRIMITIVE==1 && PRIMITIVE_LEVEL !=INTERNAL } -of_object [get_pins -filter {DIRECTION==IN} -of_objects [get_nets -hierarchical -filter {PARENT=="dbg_hub/inst/idrck"}]]]
resize_pblock [get_pblocks {CLKAG_dbg_hub/inst/idrck}] -add {CLOCKREGION_X0Y2:CLOCKREGION_X0Y2 CLOCKREGION_X1Y2:CLOCKREGION_X1Y2}
#endgroup

# Clock net "clkout_OBUF_BUFG" driven by instance "clkout_OBUF_BUFG_inst" located at site "BUFGCTRL_X0Y0"
#startgroup
create_pblock {CLKAG_clkout_OBUF_BUFG}
add_cells_to_pblock [get_pblocks  {CLKAG_clkout_OBUF_BUFG}] [get_cells -filter { PRIMITIVE_GROUP != I/O && IS_PRIMITIVE==1 && PRIMITIVE_LEVEL !=INTERNAL && NAME!=clkout_OBUF_inst} -of_object [get_pins -filter {DIRECTION==IN} -of_objects [get_nets -hierarchical -filter {PARENT=="clkout_OBUF_BUFG"}]]]
resize_pblock [get_pblocks {CLKAG_clkout_OBUF_BUFG}] -add {CLOCKREGION_X0Y2:CLOCKREGION_X0Y2 CLOCKREGION_X1Y0:CLOCKREGION_X1Y0 CLOCKREGION_X1Y1:CLOCKREGION_X1Y1 CLOCKREGION_X1Y2:CLOCKREGION_X1Y2}
#endgroup
