#-----------------------------------------------------------
# Vivado v2015.4 (64-bit)
# SW Build 1412921 on Wed Nov 18 09:43:45 MST 2015
# IP Build 1412160 on Tue Nov 17 13:47:24 MST 2015
# Start of session at: Thu Sep 29 15:08:45 2016
# Process ID: 8184
# Current directory: J:/xilinx/Location
# Command line: vivado.exe -gui_launcher_event rodinguilauncherevent11056 J:\xilinx\Location\Location.xpr
# Log file: J:/xilinx/Location/vivado.log
# Journal file: J:/xilinx/Location\vivado.jou
#-----------------------------------------------------------
start_gui
open_project J:/xilinx/Location/Location.xpr
INFO: [Project 1-313] Project file moved from 'K:/xilinx/Location' since last save.
Scanning sources...
Finished scanning sources
CRITICAL WARNING: [Project 1-192] Failed to load run synth_1. Strategy Vivado Synthesis Defaults (Vivado Synthesis 2016) not recognized by Vivado. 

CRITICAL WARNING: [Project 1-192] Failed to load run impl_1. Strategy Vivado Implementation Defaults (Vivado Implementation 2016) not recognized by Vivado. 

CRITICAL WARNING: [Project 1-192] Failed to load run impl_2. Strategy Vivado Implementation Defaults (Vivado Implementation 2016) not recognized by Vivado. 

CRITICAL WARNING: [Project 1-532] XML ERROR: Project Option CompiledLibDirXSim has no valid value
CRITICAL WARNING: [Project 1-505] Unrecognized Option Name WTXSimLaunchSim
CRITICAL WARNING: [Project 1-505] Unrecognized Option Name WTModelSimLaunchSim
CRITICAL WARNING: [Project 1-505] Unrecognized Option Name WTQuestaLaunchSim
CRITICAL WARNING: [Project 1-505] Unrecognized Option Name WTIesLaunchSim
CRITICAL WARNING: [Project 1-505] Unrecognized Option Name WTVcsLaunchSim
CRITICAL WARNING: [Project 1-505] Unrecognized Option Name WTRivieraLaunchSim
CRITICAL WARNING: [Project 1-505] Unrecognized Option Name WTActivehdlLaunchSim
CRITICAL WARNING: [Project 1-505] Unrecognized Option Name WTXSimExportSim
CRITICAL WARNING: [Project 1-505] Unrecognized Option Name WTModelSimExportSim
CRITICAL WARNING: [Project 1-505] Unrecognized Option Name WTQuestaExportSim
CRITICAL WARNING: [Project 1-505] Unrecognized Option Name WTIesExportSim
CRITICAL WARNING: [Project 1-505] Unrecognized Option Name WTVcsExportSim
CRITICAL WARNING: [Project 1-505] Unrecognized Option Name WTRivieraExportSim
CRITICAL WARNING: [Project 1-505] Unrecognized Option Name WTActivehdlExportSim
WARNING: [Project 1-231] Project 'Location.xpr' was created with a future version and may or may not perform reliably with this version of Vivado. It has been opened in read-only mode for the protection of unrecognized data. Use 'File | Save Project As...' if you wish to alter a copy of the project.
INFO: [IP_Flow 19-234] Refreshing IP repositories
INFO: [IP_Flow 19-1704] No user IP repositories specified
INFO: [IP_Flow 19-2313] Loaded Vivado IP repository 'D:/ProgramData/Vivado/Vivado/2015.4/data/ip'.
WARNING: [IP_Flow 19-2162] IP 'fifo_generator_0' is locked:
* Project containing IP 'fifo_generator_0' is read-only.
* IP definition 'FIFO Generator (13.1)' for IP 'fifo_generator_0' was not found in the IP Catalog.
Please select 'Report IP Status' from the 'Tools/Report' menu or run Tcl command 'report_ip_status' for more information.
open_project: Time (s): cpu = 00:00:12 ; elapsed = 00:01:18 . Memory (MB): peak = 784.090 ; gain = 155.121
exit
INFO: [Common 17-206] Exiting Vivado at Thu Sep 29 18:12:57 2016...
