Fitter report for ChipA
Thu Oct 13 16:44:20 2016
Quartus Prime Version 16.0.0 Build 211 04/27/2016 SJ Lite Edition


---------------------
; Table of Contents ;
---------------------
  1. Legal Notice
  2. Fitter Summary
  3. Fitter Settings
  4. Parallel Compilation
  5. Pin-Out File
  6. Fitter Resource Usage Summary
  7. Input Pins
  8. Output Pins
  9. I/O Bank Usage
 10. All Package Pins
 11. Output Pin Default Load For Reported TCO
 12. Fitter Resource Utilization by Entity
 13. Delay Chain Summary
 14. Control Signals
 15. Global & Other Fast Signals
 16. Routing Usage Summary
 17. LAB Logic Elements
 18. LAB-wide Signals
 19. LAB Signals Sourced
 20. LAB Signals Sourced Out
 21. LAB Distinct Inputs
 22. Fitter Device Options
 23. Fitter Messages
 24. Fitter Suppressed Messages



----------------
; Legal Notice ;
----------------
Copyright (C) 1991-2016 Altera Corporation. All rights reserved.
Your use of Altera Corporation's design tools, logic functions 
and other software and tools, and its AMPP partner logic 
functions, and any output files from any of the foregoing 
(including device programming or simulation files), and any 
associated documentation or information are expressly subject 
to the terms and conditions of the Altera Program License 
Subscription Agreement, the Altera Quartus Prime License Agreement,
the Altera MegaCore Function License Agreement, or other 
applicable license agreement, including, without limitation, 
that your use is for the sole purpose of programming logic 
devices manufactured by Altera and sold by Altera or its 
authorized distributors.  Please refer to the applicable 
agreement for further details.



+---------------------------------------------------------------------+
; Fitter Summary                                                      ;
+-----------------------+---------------------------------------------+
; Fitter Status         ; Successful - Thu Oct 13 16:44:20 2016       ;
; Quartus Prime Version ; 16.0.0 Build 211 04/27/2016 SJ Lite Edition ;
; Revision Name         ; ChipA                                       ;
; Top-level Entity Name ; topdesign                                   ;
; Family                ; MAX II                                      ;
; Device                ; EPM570T144C5                                ;
; Timing Models         ; Final                                       ;
; Total logic elements  ; 284 / 570 ( 50 % )                          ;
; Total pins            ; 84 / 116 ( 72 % )                           ;
; Total virtual pins    ; 0                                           ;
; UFM blocks            ; 0 / 1 ( 0 % )                               ;
+-----------------------+---------------------------------------------+


+----------------------------------------------------------------------------------------------------------------------------------------------+
; Fitter Settings                                                                                                                              ;
+----------------------------------------------------------------------------+--------------------------------+--------------------------------+
; Option                                                                     ; Setting                        ; Default Value                  ;
+----------------------------------------------------------------------------+--------------------------------+--------------------------------+
; Device                                                                     ; EPM570T144C5                   ;                                ;
; Minimum Core Junction Temperature                                          ; 0                              ;                                ;
; Maximum Core Junction Temperature                                          ; 85                             ;                                ;
; Fit Attempts to Skip                                                       ; 0                              ; 0.0                            ;
; Device I/O Standard                                                        ; 3.3-V LVTTL                    ;                                ;
; Use smart compilation                                                      ; Off                            ; Off                            ;
; Enable parallel Assembler and TimeQuest Timing Analyzer during compilation ; On                             ; On                             ;
; Enable compact report table                                                ; Off                            ; Off                            ;
; Router Timing Optimization Level                                           ; Normal                         ; Normal                         ;
; Placement Effort Multiplier                                                ; 1.0                            ; 1.0                            ;
; Router Effort Multiplier                                                   ; 1.0                            ; 1.0                            ;
; Always Enable Input Buffers                                                ; Off                            ; Off                            ;
; Optimize Hold Timing                                                       ; IO Paths and Minimum TPD Paths ; IO Paths and Minimum TPD Paths ;
; Optimize Multi-Corner Timing                                               ; Off                            ; Off                            ;
; Guarantee I/O Paths Have Zero Hold Time at Fast Corner                     ; On                             ; On                             ;
; PowerPlay Power Optimization During Fitting                                ; Normal compilation             ; Normal compilation             ;
; Optimize Timing                                                            ; Normal compilation             ; Normal compilation             ;
; Optimize Timing for ECOs                                                   ; Off                            ; Off                            ;
; Regenerate Full Fit Report During ECO Compiles                             ; Off                            ; Off                            ;
; Optimize IOC Register Placement for Timing                                 ; Normal                         ; Normal                         ;
; Limit to One Fitting Attempt                                               ; Off                            ; Off                            ;
; Final Placement Optimizations                                              ; Automatically                  ; Automatically                  ;
; Fitter Aggressive Routability Optimizations                                ; Automatically                  ; Automatically                  ;
; Fitter Initial Placement Seed                                              ; 1                              ; 1                              ;
; Periphery to Core Placement and Routing Optimization                       ; Off                            ; Off                            ;
; Slow Slew Rate                                                             ; Off                            ; Off                            ;
; PCI I/O                                                                    ; Off                            ; Off                            ;
; Weak Pull-Up Resistor                                                      ; Off                            ; Off                            ;
; Enable Bus-Hold Circuitry                                                  ; Off                            ; Off                            ;
; Auto Delay Chains                                                          ; On                             ; On                             ;
; Auto Delay Chains for High Fanout Input Pins                               ; Off                            ; Off                            ;
; Perform Physical Synthesis for Combinational Logic for Performance         ; Off                            ; Off                            ;
; Perform Register Duplication for Performance                               ; Off                            ; Off                            ;
; Perform Register Retiming for Performance                                  ; Off                            ; Off                            ;
; Perform Asynchronous Signal Pipelining                                     ; Off                            ; Off                            ;
; Fitter Effort                                                              ; Auto Fit                       ; Auto Fit                       ;
; Physical Synthesis Effort Level                                            ; Normal                         ; Normal                         ;
; Logic Cell Insertion - Logic Duplication                                   ; Auto                           ; Auto                           ;
; Auto Register Duplication                                                  ; Auto                           ; Auto                           ;
; Auto Global Clock                                                          ; On                             ; On                             ;
; Auto Global Register Control Signals                                       ; On                             ; On                             ;
; Force Fitter to Avoid Periphery Placement Warnings                         ; Off                            ; Off                            ;
+----------------------------------------------------------------------------+--------------------------------+--------------------------------+


Parallel compilation was disabled, but you have multiple processors available. Enable parallel compilation to reduce compilation time.
+-------------------------------------+
; Parallel Compilation                ;
+----------------------------+--------+
; Processors                 ; Number ;
+----------------------------+--------+
; Number detected on machine ; 4      ;
; Maximum allowed            ; 1      ;
+----------------------------+--------+


+--------------+
; Pin-Out File ;
+--------------+
The pin-out file can be found in C:/Users/starl/Desktop/Atongbu/output_files/ChipA.pin.


+---------------------------------------------------------------------+
; Fitter Resource Usage Summary                                       ;
+---------------------------------------------+-----------------------+
; Resource                                    ; Usage                 ;
+---------------------------------------------+-----------------------+
; Total logic elements                        ; 284 / 570 ( 50 % )    ;
;     -- Combinational with no register       ; 210                   ;
;     -- Register only                        ; 6                     ;
;     -- Combinational with a register        ; 68                    ;
;                                             ;                       ;
; Logic element usage by number of LUT inputs ;                       ;
;     -- 4 input functions                    ; 88                    ;
;     -- 3 input functions                    ; 49                    ;
;     -- 2 input functions                    ; 129                   ;
;     -- 1 input functions                    ; 12                    ;
;     -- 0 input functions                    ; 0                     ;
;                                             ;                       ;
; Logic elements by mode                      ;                       ;
;     -- normal mode                          ; 173                   ;
;     -- arithmetic mode                      ; 111                   ;
;     -- qfbk mode                            ; 58                    ;
;     -- register cascade mode                ; 0                     ;
;     -- synchronous clear/load mode          ; 63                    ;
;     -- asynchronous clear/load mode         ; 0                     ;
;                                             ;                       ;
; Total registers                             ; 74 / 570 ( 13 % )     ;
; Total LABs                                  ; 35 / 57 ( 61 % )      ;
; Logic elements in carry chains              ; 135                   ;
; Virtual pins                                ; 0                     ;
; I/O pins                                    ; 84 / 116 ( 72 % )     ;
;     -- Clock pins                           ; 0 / 4 ( 0 % )         ;
;                                             ;                       ;
; Global signals                              ; 1                     ;
; UFM blocks                                  ; 0 / 1 ( 0 % )         ;
;                                             ;                       ;
;     -- Total Fixed Point DSP Blocks         ; 0                     ;
;     -- Total Floating Point DSP Blocks      ; 0                     ;
;                                             ;                       ;
; Global clocks                               ; 1 / 4 ( 25 % )        ;
; JTAGs                                       ; 0 / 1 ( 0 % )         ;
; Average interconnect usage (total/H/V)      ; 25.7% / 31.3% / 19.8% ;
; Peak interconnect usage (total/H/V)         ; 25.7% / 31.3% / 19.8% ;
; Maximum fan-out                             ; 74                    ;
; Highest non-global fan-out                  ; 64                    ;
; Total fan-out                               ; 911                   ;
; Average fan-out                             ; 2.48                  ;
+---------------------------------------------+-----------------------+


+---------------------------------------------------------------------------------------------------------------------------------------------------------------------------------------------------------------------------------------+
; Input Pins                                                                                                                                                                                                                            ;
+---------------+-------+----------+--------------+--------------+-------------+-----------------------+--------------------+--------+-----------------+----------+--------------+--------------+----------------------+----------------+
; Name          ; Pin # ; I/O Bank ; X coordinate ; Y coordinate ; Cell number ; Combinational Fan-Out ; Registered Fan-Out ; Global ; PCI I/O Enabled ; Bus Hold ; Weak Pull Up ; I/O Standard ; Location assigned by ; Slow Slew Rate ;
+---------------+-------+----------+--------------+--------------+-------------+-----------------------+--------------------+--------+-----------------+----------+--------------+--------------+----------------------+----------------+
; Lsignalin[0]  ; 117   ; 2        ; 10           ; 8            ; 3           ; 2                     ; 0                  ; no     ; no              ; no       ; Off          ; 3.3-V LVTTL  ; User                 ; no             ;
; Lsignalin[10] ; 105   ; 2        ; 13           ; 6            ; 1           ; 2                     ; 0                  ; no     ; no              ; no       ; Off          ; 3.3-V LVTTL  ; User                 ; no             ;
; Lsignalin[11] ; 104   ; 2        ; 13           ; 6            ; 2           ; 3                     ; 0                  ; no     ; no              ; no       ; Off          ; 3.3-V LVTTL  ; User                 ; no             ;
; Lsignalin[12] ; 103   ; 2        ; 13           ; 6            ; 5           ; 2                     ; 0                  ; no     ; no              ; no       ; Off          ; 3.3-V LVTTL  ; User                 ; no             ;
; Lsignalin[13] ; 102   ; 2        ; 13           ; 5            ; 0           ; 3                     ; 0                  ; no     ; no              ; no       ; Off          ; 3.3-V LVTTL  ; User                 ; no             ;
; Lsignalin[14] ; 101   ; 2        ; 13           ; 5            ; 2           ; 2                     ; 0                  ; no     ; no              ; no       ; Off          ; 3.3-V LVTTL  ; User                 ; no             ;
; Lsignalin[15] ; 98    ; 2        ; 13           ; 5            ; 3           ; 3                     ; 0                  ; no     ; no              ; no       ; Off          ; 3.3-V LVTTL  ; User                 ; no             ;
; Lsignalin[16] ; 80    ; 2        ; 13           ; 2            ; 0           ; 2                     ; 0                  ; no     ; no              ; no       ; Off          ; 3.3-V LVTTL  ; User                 ; no             ;
; Lsignalin[17] ; 79    ; 2        ; 13           ; 2            ; 1           ; 3                     ; 0                  ; no     ; no              ; no       ; Off          ; 3.3-V LVTTL  ; User                 ; no             ;
; Lsignalin[18] ; 78    ; 2        ; 13           ; 2            ; 2           ; 2                     ; 0                  ; no     ; no              ; no       ; Off          ; 3.3-V LVTTL  ; User                 ; no             ;
; Lsignalin[19] ; 77    ; 2        ; 13           ; 2            ; 4           ; 3                     ; 0                  ; no     ; no              ; no       ; Off          ; 3.3-V LVTTL  ; User                 ; no             ;
; Lsignalin[1]  ; 114   ; 2        ; 10           ; 8            ; 1           ; 2                     ; 0                  ; no     ; no              ; no       ; Off          ; 3.3-V LVTTL  ; User                 ; no             ;
; Lsignalin[20] ; 76    ; 2        ; 13           ; 1            ; 1           ; 2                     ; 0                  ; no     ; no              ; no       ; Off          ; 3.3-V LVTTL  ; User                 ; no             ;
; Lsignalin[21] ; 75    ; 2        ; 13           ; 1            ; 3           ; 3                     ; 0                  ; no     ; no              ; no       ; Off          ; 3.3-V LVTTL  ; User                 ; no             ;
; Lsignalin[22] ; 74    ; 2        ; 13           ; 1            ; 4           ; 2                     ; 0                  ; no     ; no              ; no       ; Off          ; 3.3-V LVTTL  ; User                 ; no             ;
; Lsignalin[23] ; 73    ; 2        ; 13           ; 1            ; 5           ; 3                     ; 0                  ; no     ; no              ; no       ; Off          ; 3.3-V LVTTL  ; User                 ; no             ;
; Lsignalin[24] ; 72    ; 1        ; 12           ; 0            ; 0           ; 2                     ; 0                  ; no     ; no              ; no       ; Off          ; 3.3-V LVTTL  ; User                 ; no             ;
; Lsignalin[25] ; 71    ; 1        ; 12           ; 0            ; 2           ; 3                     ; 0                  ; no     ; no              ; no       ; Off          ; 3.3-V LVTTL  ; User                 ; no             ;
; Lsignalin[26] ; 70    ; 1        ; 11           ; 0            ; 1           ; 2                     ; 0                  ; no     ; no              ; no       ; Off          ; 3.3-V LVTTL  ; User                 ; no             ;
; Lsignalin[27] ; 69    ; 1        ; 11           ; 0            ; 2           ; 3                     ; 0                  ; no     ; no              ; no       ; Off          ; 3.3-V LVTTL  ; User                 ; no             ;
; Lsignalin[28] ; 68    ; 1        ; 10           ; 0            ; 0           ; 2                     ; 0                  ; no     ; no              ; no       ; Off          ; 3.3-V LVTTL  ; User                 ; no             ;
; Lsignalin[29] ; 67    ; 1        ; 10           ; 0            ; 1           ; 3                     ; 0                  ; no     ; no              ; no       ; Off          ; 3.3-V LVTTL  ; User                 ; no             ;
; Lsignalin[2]  ; 113   ; 2        ; 11           ; 8            ; 3           ; 3                     ; 0                  ; no     ; no              ; no       ; Off          ; 3.3-V LVTTL  ; User                 ; no             ;
; Lsignalin[30] ; 66    ; 1        ; 10           ; 0            ; 2           ; 2                     ; 0                  ; no     ; no              ; no       ; Off          ; 3.3-V LVTTL  ; User                 ; no             ;
; Lsignalin[31] ; 63    ; 1        ; 8            ; 3            ; 0           ; 3                     ; 0                  ; no     ; no              ; no       ; Off          ; 3.3-V LVTTL  ; User                 ; no             ;
; Lsignalin[32] ; 62    ; 1        ; 8            ; 3            ; 1           ; 3                     ; 0                  ; no     ; no              ; no       ; Off          ; 3.3-V LVTTL  ; User                 ; no             ;
; Lsignalin[33] ; 61    ; 1        ; 8            ; 3            ; 2           ; 3                     ; 0                  ; no     ; no              ; no       ; Off          ; 3.3-V LVTTL  ; User                 ; no             ;
; Lsignalin[34] ; 60    ; 1        ; 8            ; 3            ; 3           ; 3                     ; 0                  ; no     ; no              ; no       ; Off          ; 3.3-V LVTTL  ; User                 ; no             ;
; Lsignalin[35] ; 59    ; 1        ; 7            ; 3            ; 0           ; 3                     ; 0                  ; no     ; no              ; no       ; Off          ; 3.3-V LVTTL  ; User                 ; no             ;
; Lsignalin[36] ; 58    ; 1        ; 7            ; 3            ; 1           ; 2                     ; 0                  ; no     ; no              ; no       ; Off          ; 3.3-V LVTTL  ; User                 ; no             ;
; Lsignalin[37] ; 57    ; 1        ; 7            ; 3            ; 2           ; 2                     ; 0                  ; no     ; no              ; no       ; Off          ; 3.3-V LVTTL  ; User                 ; no             ;
; Lsignalin[38] ; 55    ; 1        ; 7            ; 3            ; 3           ; 2                     ; 0                  ; no     ; no              ; no       ; Off          ; 3.3-V LVTTL  ; User                 ; no             ;
; Lsignalin[39] ; 53    ; 1        ; 6            ; 3            ; 0           ; 2                     ; 0                  ; no     ; no              ; no       ; Off          ; 3.3-V LVTTL  ; User                 ; no             ;
; Lsignalin[3]  ; 112   ; 2        ; 11           ; 8            ; 1           ; 2                     ; 0                  ; no     ; no              ; no       ; Off          ; 3.3-V LVTTL  ; User                 ; no             ;
; Lsignalin[40] ; 52    ; 1        ; 6            ; 3            ; 1           ; 2                     ; 0                  ; no     ; no              ; no       ; Off          ; 3.3-V LVTTL  ; User                 ; no             ;
; Lsignalin[41] ; 51    ; 1        ; 6            ; 3            ; 2           ; 2                     ; 0                  ; no     ; no              ; no       ; Off          ; 3.3-V LVTTL  ; User                 ; no             ;
; Lsignalin[42] ; 50    ; 1        ; 6            ; 3            ; 3           ; 2                     ; 0                  ; no     ; no              ; no       ; Off          ; 3.3-V LVTTL  ; User                 ; no             ;
; Lsignalin[43] ; 49    ; 1        ; 5            ; 3            ; 0           ; 2                     ; 0                  ; no     ; no              ; no       ; Off          ; 3.3-V LVTTL  ; User                 ; no             ;
; Lsignalin[44] ; 48    ; 1        ; 5            ; 3            ; 1           ; 2                     ; 0                  ; no     ; no              ; no       ; Off          ; 3.3-V LVTTL  ; User                 ; no             ;
; Lsignalin[45] ; 45    ; 1        ; 5            ; 3            ; 2           ; 2                     ; 0                  ; no     ; no              ; no       ; Off          ; 3.3-V LVTTL  ; User                 ; no             ;
; Lsignalin[46] ; 44    ; 1        ; 4            ; 3            ; 1           ; 2                     ; 0                  ; no     ; no              ; no       ; Off          ; 3.3-V LVTTL  ; User                 ; no             ;
; Lsignalin[47] ; 43    ; 1        ; 4            ; 3            ; 2           ; 2                     ; 0                  ; no     ; no              ; no       ; Off          ; 3.3-V LVTTL  ; User                 ; no             ;
; Lsignalin[48] ; 42    ; 1        ; 4            ; 3            ; 3           ; 2                     ; 0                  ; no     ; no              ; no       ; Off          ; 3.3-V LVTTL  ; User                 ; no             ;
; Lsignalin[49] ; 41    ; 1        ; 3            ; 3            ; 1           ; 2                     ; 0                  ; no     ; no              ; no       ; Off          ; 3.3-V LVTTL  ; User                 ; no             ;
; Lsignalin[4]  ; 111   ; 2        ; 12           ; 8            ; 3           ; 2                     ; 0                  ; no     ; no              ; no       ; Off          ; 3.3-V LVTTL  ; User                 ; no             ;
; Lsignalin[50] ; 40    ; 1        ; 3            ; 3            ; 2           ; 2                     ; 0                  ; no     ; no              ; no       ; Off          ; 3.3-V LVTTL  ; User                 ; no             ;
; Lsignalin[51] ; 39    ; 1        ; 2            ; 3            ; 0           ; 2                     ; 0                  ; no     ; no              ; no       ; Off          ; 3.3-V LVTTL  ; User                 ; no             ;
; Lsignalin[52] ; 38    ; 1        ; 2            ; 3            ; 2           ; 2                     ; 0                  ; no     ; no              ; no       ; Off          ; 3.3-V LVTTL  ; User                 ; no             ;
; Lsignalin[53] ; 37    ; 1        ; 2            ; 3            ; 3           ; 2                     ; 0                  ; no     ; no              ; no       ; Off          ; 3.3-V LVTTL  ; User                 ; no             ;
; Lsignalin[54] ; 32    ; 1        ; 1            ; 3            ; 1           ; 2                     ; 0                  ; no     ; no              ; no       ; Off          ; 3.3-V LVTTL  ; User                 ; no             ;
; Lsignalin[55] ; 31    ; 1        ; 1            ; 3            ; 3           ; 2                     ; 0                  ; no     ; no              ; no       ; Off          ; 3.3-V LVTTL  ; User                 ; no             ;
; Lsignalin[56] ; 30    ; 1        ; 0            ; 4            ; 5           ; 2                     ; 0                  ; no     ; no              ; no       ; Off          ; 3.3-V LVTTL  ; User                 ; no             ;
; Lsignalin[57] ; 29    ; 1        ; 0            ; 4            ; 3           ; 2                     ; 0                  ; no     ; no              ; no       ; Off          ; 3.3-V LVTTL  ; User                 ; no             ;
; Lsignalin[58] ; 28    ; 1        ; 0            ; 4            ; 2           ; 2                     ; 0                  ; no     ; no              ; no       ; Off          ; 3.3-V LVTTL  ; User                 ; no             ;
; Lsignalin[59] ; 27    ; 1        ; 0            ; 4            ; 0           ; 2                     ; 0                  ; no     ; no              ; no       ; Off          ; 3.3-V LVTTL  ; User                 ; no             ;
; Lsignalin[5]  ; 110   ; 2        ; 12           ; 8            ; 2           ; 3                     ; 0                  ; no     ; no              ; no       ; Off          ; 3.3-V LVTTL  ; User                 ; no             ;
; Lsignalin[60] ; 24    ; 1        ; 0            ; 5            ; 5           ; 3                     ; 0                  ; no     ; no              ; no       ; Off          ; 3.3-V LVTTL  ; User                 ; no             ;
; Lsignalin[61] ; 23    ; 1        ; 0            ; 5            ; 4           ; 3                     ; 0                  ; no     ; no              ; no       ; Off          ; 3.3-V LVTTL  ; User                 ; no             ;
; Lsignalin[62] ; 22    ; 1        ; 0            ; 5            ; 3           ; 3                     ; 0                  ; no     ; no              ; no       ; Off          ; 3.3-V LVTTL  ; User                 ; no             ;
; Lsignalin[63] ; 21    ; 1        ; 0            ; 5            ; 2           ; 2                     ; 0                  ; no     ; no              ; no       ; Off          ; 3.3-V LVTTL  ; User                 ; no             ;
; Lsignalin[6]  ; 109   ; 2        ; 12           ; 8            ; 1           ; 2                     ; 0                  ; no     ; no              ; no       ; Off          ; 3.3-V LVTTL  ; User                 ; no             ;
; Lsignalin[7]  ; 108   ; 2        ; 13           ; 7            ; 1           ; 3                     ; 0                  ; no     ; no              ; no       ; Off          ; 3.3-V LVTTL  ; User                 ; no             ;
; Lsignalin[8]  ; 107   ; 2        ; 13           ; 7            ; 3           ; 2                     ; 0                  ; no     ; no              ; no       ; Off          ; 3.3-V LVTTL  ; User                 ; no             ;
; Lsignalin[9]  ; 106   ; 2        ; 13           ; 7            ; 5           ; 3                     ; 0                  ; no     ; no              ; no       ; Off          ; 3.3-V LVTTL  ; User                 ; no             ;
; address[0]    ; 1     ; 1        ; 2            ; 8            ; 3           ; 25                    ; 0                  ; no     ; no              ; no       ; Off          ; 3.3-V LVTTL  ; User                 ; no             ;
; address[1]    ; 2     ; 1        ; 1            ; 8            ; 0           ; 25                    ; 0                  ; no     ; no              ; no       ; Off          ; 3.3-V LVTTL  ; User                 ; no             ;
; address[2]    ; 3     ; 1        ; 1            ; 8            ; 2           ; 9                     ; 0                  ; no     ; no              ; no       ; Off          ; 3.3-V LVTTL  ; User                 ; no             ;
; address[3]    ; 4     ; 1        ; 0            ; 7            ; 0           ; 1                     ; 0                  ; no     ; no              ; no       ; Off          ; 3.3-V LVTTL  ; User                 ; no             ;
; address[4]    ; 5     ; 1        ; 0            ; 7            ; 2           ; 1                     ; 0                  ; no     ; no              ; no       ; Off          ; 3.3-V LVTTL  ; User                 ; no             ;
; address[5]    ; 6     ; 1        ; 0            ; 7            ; 3           ; 2                     ; 0                  ; no     ; no              ; no       ; Off          ; 3.3-V LVTTL  ; User                 ; no             ;
; address[6]    ; 7     ; 1        ; 0            ; 7            ; 4           ; 2                     ; 0                  ; no     ; no              ; no       ; Off          ; 3.3-V LVTTL  ; User                 ; no             ;
; address[7]    ; 8     ; 1        ; 0            ; 7            ; 5           ; 2                     ; 0                  ; no     ; no              ; no       ; Off          ; 3.3-V LVTTL  ; User                 ; no             ;
; clkin         ; 130   ; 2        ; 7            ; 8            ; 3           ; 74                    ; 0                  ; yes    ; no              ; no       ; Off          ; 3.3-V LVTTL  ; User                 ; no             ;
+---------------+-------+----------+--------------+--------------+-------------+-----------------------+--------------------+--------+-----------------+----------+--------------+--------------+----------------------+----------------+


+------------------------------------------------------------------------------------------------------------------------------------------------------------------------------------------------------------------------------------------------------------------------------------------------------------------------------+
; Output Pins                                                                                                                                                                                                                                                                                                                  ;
+------------+-------+----------+--------------+--------------+-------------+-----------------+----------------+-----------------+------------+---------------+----------+--------------+--------------+------------------+------------------------+----------------------+-------+----------------------+---------------------+
; Name       ; Pin # ; I/O Bank ; X coordinate ; Y coordinate ; Cell number ; Output Register ; Slow Slew Rate ; PCI I/O Enabled ; Open Drain ; TRI Primitive ; Bus Hold ; Weak Pull Up ; I/O Standard ; Current Strength ; Fast Output Connection ; Location assigned by ; Load  ; Output Enable Source ; Output Enable Group ;
+------------+-------+----------+--------------+--------------+-------------+-----------------+----------------+-----------------+------------+---------------+----------+--------------+--------------+------------------+------------------------+----------------------+-------+----------------------+---------------------+
; cs         ; 11    ; 1        ; 0            ; 6            ; 1           ; no              ; no             ; no              ; no         ; no            ; no       ; Off          ; 3.3-V LVTTL  ; 16mA             ; no                     ; User                 ; 10 pF ; -                    ; -                   ;
; cs_led     ; 97    ; 2        ; 13           ; 5            ; 4           ; no              ; no             ; no              ; no         ; no            ; no       ; Off          ; 3.3-V LVTTL  ; 16mA             ; no                     ; User                 ; 10 pF ; -                    ; -                   ;
; dataout[0] ; 137   ; 2        ; 5            ; 8            ; 0           ; no              ; no             ; no              ; no         ; yes           ; no       ; Off          ; 3.3-V LVTTL  ; 16mA             ; no                     ; User                 ; 10 pF ; -                    ; -                   ;
; dataout[1] ; 138   ; 2        ; 5            ; 8            ; 1           ; no              ; no             ; no              ; no         ; yes           ; no       ; Off          ; 3.3-V LVTTL  ; 16mA             ; no                     ; User                 ; 10 pF ; -                    ; -                   ;
; dataout[2] ; 139   ; 2        ; 5            ; 8            ; 2           ; no              ; no             ; no              ; no         ; yes           ; no       ; Off          ; 3.3-V LVTTL  ; 16mA             ; no                     ; User                 ; 10 pF ; -                    ; -                   ;
; dataout[3] ; 140   ; 2        ; 4            ; 8            ; 1           ; no              ; no             ; no              ; no         ; yes           ; no       ; Off          ; 3.3-V LVTTL  ; 16mA             ; no                     ; User                 ; 10 pF ; -                    ; -                   ;
; dataout[4] ; 141   ; 2        ; 4            ; 8            ; 2           ; no              ; no             ; no              ; no         ; yes           ; no       ; Off          ; 3.3-V LVTTL  ; 16mA             ; no                     ; User                 ; 10 pF ; -                    ; -                   ;
; dataout[5] ; 142   ; 2        ; 3            ; 8            ; 0           ; no              ; no             ; no              ; no         ; yes           ; no       ; Off          ; 3.3-V LVTTL  ; 16mA             ; no                     ; User                 ; 10 pF ; -                    ; -                   ;
; dataout[6] ; 143   ; 2        ; 3            ; 8            ; 3           ; no              ; no             ; no              ; no         ; yes           ; no       ; Off          ; 3.3-V LVTTL  ; 16mA             ; no                     ; User                 ; 10 pF ; -                    ; -                   ;
; dataout[7] ; 144   ; 2        ; 2            ; 8            ; 1           ; no              ; no             ; no              ; no         ; yes           ; no       ; Off          ; 3.3-V LVTTL  ; 16mA             ; no                     ; User                 ; 10 pF ; -                    ; -                   ;
; enwipe_led ; 96    ; 2        ; 13           ; 5            ; 5           ; no              ; no             ; no              ; no         ; no            ; no       ; Off          ; 3.3-V LVTTL  ; 16mA             ; no                     ; User                 ; 10 pF ; -                    ; -                   ;
+------------+-------+----------+--------------+--------------+-------------+-----------------+----------------+-----------------+------------+---------------+----------+--------------+--------------+------------------+------------------------+----------------------+-------+----------------------+---------------------+


+------------------------------------------------------------+
; I/O Bank Usage                                             ;
+----------+------------------+---------------+--------------+
; I/O Bank ; Usage            ; VCCIO Voltage ; VREF Voltage ;
+----------+------------------+---------------+--------------+
; 1        ; 49 / 56 ( 88 % ) ; 3.3V          ; --           ;
; 2        ; 35 / 60 ( 58 % ) ; 3.3V          ; --           ;
+----------+------------------+---------------+--------------+


+------------------------------------------------------------------------------------------------------------------------------------------------+
; All Package Pins                                                                                                                               ;
+----------+------------+----------+----------------+--------+--------------+-----------+------------+-----------------+----------+--------------+
; Location ; Pad Number ; I/O Bank ; Pin Name/Usage ; Dir.   ; I/O Standard ; Voltage   ; I/O Type   ; User Assignment ; Bus Hold ; Weak Pull Up ;
+----------+------------+----------+----------------+--------+--------------+-----------+------------+-----------------+----------+--------------+
; 1        ; 1          ; 1        ; address[0]     ; input  ; 3.3-V LVTTL  ;           ; Column I/O ; Y               ; no       ; Off          ;
; 2        ; 2          ; 1        ; address[1]     ; input  ; 3.3-V LVTTL  ;           ; Column I/O ; Y               ; no       ; Off          ;
; 3        ; 4          ; 1        ; address[2]     ; input  ; 3.3-V LVTTL  ;           ; Column I/O ; Y               ; no       ; Off          ;
; 4        ; 6          ; 1        ; address[3]     ; input  ; 3.3-V LVTTL  ;           ; Row I/O    ; Y               ; no       ; Off          ;
; 5        ; 8          ; 1        ; address[4]     ; input  ; 3.3-V LVTTL  ;           ; Row I/O    ; Y               ; no       ; Off          ;
; 6        ; 9          ; 1        ; address[5]     ; input  ; 3.3-V LVTTL  ;           ; Row I/O    ; Y               ; no       ; Off          ;
; 7        ; 10         ; 1        ; address[6]     ; input  ; 3.3-V LVTTL  ;           ; Row I/O    ; Y               ; no       ; Off          ;
; 8        ; 11         ; 1        ; address[7]     ; input  ; 3.3-V LVTTL  ;           ; Row I/O    ; Y               ; no       ; Off          ;
; 9        ;            ; 1        ; VCCIO1         ; power  ;              ; 3.3V      ; --         ;                 ; --       ; --           ;
; 10       ;            ;          ; GNDIO          ; gnd    ;              ;           ; --         ;                 ; --       ; --           ;
; 11       ; 14         ; 1        ; cs             ; output ; 3.3-V LVTTL  ;           ; Row I/O    ; Y               ; no       ; Off          ;
; 12       ; 15         ; 1        ; RESERVED_INPUT ;        ;              ;           ; Row I/O    ;                 ; no       ; Off          ;
; 13       ; 16         ; 1        ; RESERVED_INPUT ;        ;              ;           ; Row I/O    ;                 ; no       ; Off          ;
; 14       ; 17         ; 1        ; RESERVED_INPUT ;        ;              ;           ; Row I/O    ;                 ; no       ; Off          ;
; 15       ; 18         ; 1        ; RESERVED_INPUT ;        ;              ;           ; Row I/O    ;                 ; no       ; Off          ;
; 16       ; 19         ; 1        ; RESERVED_INPUT ;        ;              ;           ; Row I/O    ;                 ; no       ; Off          ;
; 17       ;            ;          ; GNDINT         ; gnd    ;              ;           ; --         ;                 ; --       ; --           ;
; 18       ; 20         ; 1        ; RESERVED_INPUT ;        ;              ;           ; Row I/O    ;                 ; no       ; Off          ;
; 19       ;            ;          ; VCCINT         ; power  ;              ; 2.5V/3.3V ; --         ;                 ; --       ; --           ;
; 20       ; 21         ; 1        ; RESERVED_INPUT ;        ;              ;           ; Row I/O    ;                 ; no       ; Off          ;
; 21       ; 22         ; 1        ; Lsignalin[63]  ; input  ; 3.3-V LVTTL  ;           ; Row I/O    ; Y               ; no       ; Off          ;
; 22       ; 23         ; 1        ; Lsignalin[62]  ; input  ; 3.3-V LVTTL  ;           ; Row I/O    ; Y               ; no       ; Off          ;
; 23       ; 24         ; 1        ; Lsignalin[61]  ; input  ; 3.3-V LVTTL  ;           ; Row I/O    ; Y               ; no       ; Off          ;
; 24       ; 25         ; 1        ; Lsignalin[60]  ; input  ; 3.3-V LVTTL  ;           ; Row I/O    ; Y               ; no       ; Off          ;
; 25       ;            ; 1        ; VCCIO1         ; power  ;              ; 3.3V      ; --         ;                 ; --       ; --           ;
; 26       ;            ;          ; GNDIO          ; gnd    ;              ;           ; --         ;                 ; --       ; --           ;
; 27       ; 27         ; 1        ; Lsignalin[59]  ; input  ; 3.3-V LVTTL  ;           ; Row I/O    ; Y               ; no       ; Off          ;
; 28       ; 29         ; 1        ; Lsignalin[58]  ; input  ; 3.3-V LVTTL  ;           ; Row I/O    ; Y               ; no       ; Off          ;
; 29       ; 30         ; 1        ; Lsignalin[57]  ; input  ; 3.3-V LVTTL  ;           ; Row I/O    ; Y               ; no       ; Off          ;
; 30       ; 32         ; 1        ; Lsignalin[56]  ; input  ; 3.3-V LVTTL  ;           ; Row I/O    ; Y               ; no       ; Off          ;
; 31       ; 34         ; 1        ; Lsignalin[55]  ; input  ; 3.3-V LVTTL  ;           ; Column I/O ; Y               ; no       ; Off          ;
; 32       ; 36         ; 1        ; Lsignalin[54]  ; input  ; 3.3-V LVTTL  ;           ; Column I/O ; Y               ; no       ; Off          ;
; 33       ; 38         ; 1        ; #TMS           ; input  ;              ;           ; --         ;                 ; --       ; --           ;
; 34       ; 39         ; 1        ; #TDI           ; input  ;              ;           ; --         ;                 ; --       ; --           ;
; 35       ; 40         ; 1        ; #TCK           ; input  ;              ;           ; --         ;                 ; --       ; --           ;
; 36       ; 41         ; 1        ; #TDO           ; output ;              ;           ; --         ;                 ; --       ; --           ;
; 37       ; 42         ; 1        ; Lsignalin[53]  ; input  ; 3.3-V LVTTL  ;           ; Column I/O ; Y               ; no       ; Off          ;
; 38       ; 43         ; 1        ; Lsignalin[52]  ; input  ; 3.3-V LVTTL  ;           ; Column I/O ; Y               ; no       ; Off          ;
; 39       ; 45         ; 1        ; Lsignalin[51]  ; input  ; 3.3-V LVTTL  ;           ; Column I/O ; Y               ; no       ; Off          ;
; 40       ; 47         ; 1        ; Lsignalin[50]  ; input  ; 3.3-V LVTTL  ;           ; Column I/O ; Y               ; no       ; Off          ;
; 41       ; 48         ; 1        ; Lsignalin[49]  ; input  ; 3.3-V LVTTL  ;           ; Column I/O ; Y               ; no       ; Off          ;
; 42       ; 50         ; 1        ; Lsignalin[48]  ; input  ; 3.3-V LVTTL  ;           ; Column I/O ; Y               ; no       ; Off          ;
; 43       ; 51         ; 1        ; Lsignalin[47]  ; input  ; 3.3-V LVTTL  ;           ; Column I/O ; Y               ; no       ; Off          ;
; 44       ; 52         ; 1        ; Lsignalin[46]  ; input  ; 3.3-V LVTTL  ;           ; Column I/O ; Y               ; no       ; Off          ;
; 45       ; 55         ; 1        ; Lsignalin[45]  ; input  ; 3.3-V LVTTL  ;           ; Column I/O ; Y               ; no       ; Off          ;
; 46       ;            ; 1        ; VCCIO1         ; power  ;              ; 3.3V      ; --         ;                 ; --       ; --           ;
; 47       ;            ;          ; GNDIO          ; gnd    ;              ;           ; --         ;                 ; --       ; --           ;
; 48       ; 56         ; 1        ; Lsignalin[44]  ; input  ; 3.3-V LVTTL  ;           ; Column I/O ; Y               ; no       ; Off          ;
; 49       ; 57         ; 1        ; Lsignalin[43]  ; input  ; 3.3-V LVTTL  ;           ; Column I/O ; Y               ; no       ; Off          ;
; 50       ; 58         ; 1        ; Lsignalin[42]  ; input  ; 3.3-V LVTTL  ;           ; Column I/O ; Y               ; no       ; Off          ;
; 51       ; 59         ; 1        ; Lsignalin[41]  ; input  ; 3.3-V LVTTL  ;           ; Column I/O ; Y               ; no       ; Off          ;
; 52       ; 60         ; 1        ; Lsignalin[40]  ; input  ; 3.3-V LVTTL  ;           ; Column I/O ; Y               ; no       ; Off          ;
; 53       ; 61         ; 1        ; Lsignalin[39]  ; input  ; 3.3-V LVTTL  ;           ; Column I/O ; Y               ; no       ; Off          ;
; 54       ;            ;          ; GNDINT         ; gnd    ;              ;           ; --         ;                 ; --       ; --           ;
; 55       ; 62         ; 1        ; Lsignalin[38]  ; input  ; 3.3-V LVTTL  ;           ; Column I/O ; Y               ; no       ; Off          ;
; 56       ;            ;          ; VCCINT         ; power  ;              ; 2.5V/3.3V ; --         ;                 ; --       ; --           ;
; 57       ; 63         ; 1        ; Lsignalin[37]  ; input  ; 3.3-V LVTTL  ;           ; Column I/O ; Y               ; no       ; Off          ;
; 58       ; 64         ; 1        ; Lsignalin[36]  ; input  ; 3.3-V LVTTL  ;           ; Column I/O ; Y               ; no       ; Off          ;
; 59       ; 65         ; 1        ; Lsignalin[35]  ; input  ; 3.3-V LVTTL  ;           ; Column I/O ; Y               ; no       ; Off          ;
; 60       ; 66         ; 1        ; Lsignalin[34]  ; input  ; 3.3-V LVTTL  ;           ; Column I/O ; Y               ; no       ; Off          ;
; 61       ; 67         ; 1        ; Lsignalin[33]  ; input  ; 3.3-V LVTTL  ;           ; Column I/O ; Y               ; no       ; Off          ;
; 62       ; 68         ; 1        ; Lsignalin[32]  ; input  ; 3.3-V LVTTL  ;           ; Column I/O ; Y               ; no       ; Off          ;
; 63       ; 69         ; 1        ; Lsignalin[31]  ; input  ; 3.3-V LVTTL  ;           ; Column I/O ; Y               ; no       ; Off          ;
; 64       ;            ; 1        ; VCCIO1         ; power  ;              ; 3.3V      ; --         ;                 ; --       ; --           ;
; 65       ;            ;          ; GNDIO          ; gnd    ;              ;           ; --         ;                 ; --       ; --           ;
; 66       ; 71         ; 1        ; Lsignalin[30]  ; input  ; 3.3-V LVTTL  ;           ; Column I/O ; Y               ; no       ; Off          ;
; 67       ; 72         ; 1        ; Lsignalin[29]  ; input  ; 3.3-V LVTTL  ;           ; Column I/O ; Y               ; no       ; Off          ;
; 68       ; 73         ; 1        ; Lsignalin[28]  ; input  ; 3.3-V LVTTL  ;           ; Column I/O ; Y               ; no       ; Off          ;
; 69       ; 75         ; 1        ; Lsignalin[27]  ; input  ; 3.3-V LVTTL  ;           ; Column I/O ; Y               ; no       ; Off          ;
; 70       ; 76         ; 1        ; Lsignalin[26]  ; input  ; 3.3-V LVTTL  ;           ; Column I/O ; Y               ; no       ; Off          ;
; 71       ; 79         ; 1        ; Lsignalin[25]  ; input  ; 3.3-V LVTTL  ;           ; Column I/O ; Y               ; no       ; Off          ;
; 72       ; 81         ; 1        ; Lsignalin[24]  ; input  ; 3.3-V LVTTL  ;           ; Column I/O ; Y               ; no       ; Off          ;
; 73       ; 82         ; 2        ; Lsignalin[23]  ; input  ; 3.3-V LVTTL  ;           ; Row I/O    ; Y               ; no       ; Off          ;
; 74       ; 83         ; 2        ; Lsignalin[22]  ; input  ; 3.3-V LVTTL  ;           ; Row I/O    ; Y               ; no       ; Off          ;
; 75       ; 84         ; 2        ; Lsignalin[21]  ; input  ; 3.3-V LVTTL  ;           ; Row I/O    ; Y               ; no       ; Off          ;
; 76       ; 86         ; 2        ; Lsignalin[20]  ; input  ; 3.3-V LVTTL  ;           ; Row I/O    ; Y               ; no       ; Off          ;
; 77       ; 89         ; 2        ; Lsignalin[19]  ; input  ; 3.3-V LVTTL  ;           ; Row I/O    ; Y               ; no       ; Off          ;
; 78       ; 91         ; 2        ; Lsignalin[18]  ; input  ; 3.3-V LVTTL  ;           ; Row I/O    ; Y               ; no       ; Off          ;
; 79       ; 92         ; 2        ; Lsignalin[17]  ; input  ; 3.3-V LVTTL  ;           ; Row I/O    ; Y               ; no       ; Off          ;
; 80       ; 93         ; 2        ; Lsignalin[16]  ; input  ; 3.3-V LVTTL  ;           ; Row I/O    ; Y               ; no       ; Off          ;
; 81       ; 94         ; 2        ; RESERVED_INPUT ;        ;              ;           ; Row I/O    ;                 ; no       ; Off          ;
; 82       ;            ; 2        ; VCCIO2         ; power  ;              ; 3.3V      ; --         ;                 ; --       ; --           ;
; 83       ;            ;          ; GNDIO          ; gnd    ;              ;           ; --         ;                 ; --       ; --           ;
; 84       ; 96         ; 2        ; RESERVED_INPUT ;        ;              ;           ; Row I/O    ;                 ; no       ; Off          ;
; 85       ; 97         ; 2        ; RESERVED_INPUT ;        ;              ;           ; Row I/O    ;                 ; no       ; Off          ;
; 86       ; 98         ; 2        ; RESERVED_INPUT ;        ;              ;           ; Row I/O    ;                 ; no       ; Off          ;
; 87       ; 99         ; 2        ; RESERVED_INPUT ;        ;              ;           ; Row I/O    ;                 ; no       ; Off          ;
; 88       ; 100        ; 2        ; RESERVED_INPUT ;        ;              ;           ; Row I/O    ;                 ; no       ; Off          ;
; 89       ; 101        ; 2        ; RESERVED_INPUT ;        ;              ;           ; Row I/O    ;                 ; no       ; Off          ;
; 90       ;            ;          ; VCCINT         ; power  ;              ; 2.5V/3.3V ; --         ;                 ; --       ; --           ;
; 91       ; 102        ; 2        ; RESERVED_INPUT ;        ;              ;           ; Row I/O    ;                 ; no       ; Off          ;
; 92       ;            ;          ; GNDINT         ; gnd    ;              ;           ; --         ;                 ; --       ; --           ;
; 93       ; 103        ; 2        ; RESERVED_INPUT ;        ;              ;           ; Row I/O    ;                 ; no       ; Off          ;
; 94       ; 104        ; 2        ; RESERVED_INPUT ;        ;              ;           ; Row I/O    ;                 ; no       ; Off          ;
; 95       ; 105        ; 2        ; RESERVED_INPUT ;        ;              ;           ; Row I/O    ;                 ; no       ; Off          ;
; 96       ; 106        ; 2        ; enwipe_led     ; output ; 3.3-V LVTTL  ;           ; Row I/O    ; Y               ; no       ; Off          ;
; 97       ; 107        ; 2        ; cs_led         ; output ; 3.3-V LVTTL  ;           ; Row I/O    ; Y               ; no       ; Off          ;
; 98       ; 108        ; 2        ; Lsignalin[15]  ; input  ; 3.3-V LVTTL  ;           ; Row I/O    ; Y               ; no       ; Off          ;
; 99       ;            ;          ; GNDIO          ; gnd    ;              ;           ; --         ;                 ; --       ; --           ;
; 100      ;            ; 2        ; VCCIO2         ; power  ;              ; 3.3V      ; --         ;                 ; --       ; --           ;
; 101      ; 109        ; 2        ; Lsignalin[14]  ; input  ; 3.3-V LVTTL  ;           ; Row I/O    ; Y               ; no       ; Off          ;
; 102      ; 111        ; 2        ; Lsignalin[13]  ; input  ; 3.3-V LVTTL  ;           ; Row I/O    ; Y               ; no       ; Off          ;
; 103      ; 112        ; 2        ; Lsignalin[12]  ; input  ; 3.3-V LVTTL  ;           ; Row I/O    ; Y               ; no       ; Off          ;
; 104      ; 115        ; 2        ; Lsignalin[11]  ; input  ; 3.3-V LVTTL  ;           ; Row I/O    ; Y               ; no       ; Off          ;
; 105      ; 116        ; 2        ; Lsignalin[10]  ; input  ; 3.3-V LVTTL  ;           ; Row I/O    ; Y               ; no       ; Off          ;
; 106      ; 118        ; 2        ; Lsignalin[9]   ; input  ; 3.3-V LVTTL  ;           ; Row I/O    ; Y               ; no       ; Off          ;
; 107      ; 120        ; 2        ; Lsignalin[8]   ; input  ; 3.3-V LVTTL  ;           ; Row I/O    ; Y               ; no       ; Off          ;
; 108      ; 122        ; 2        ; Lsignalin[7]   ; input  ; 3.3-V LVTTL  ;           ; Row I/O    ; Y               ; no       ; Off          ;
; 109      ; 125        ; 2        ; Lsignalin[6]   ; input  ; 3.3-V LVTTL  ;           ; Column I/O ; Y               ; no       ; Off          ;
; 110      ; 126        ; 2        ; Lsignalin[5]   ; input  ; 3.3-V LVTTL  ;           ; Column I/O ; Y               ; no       ; Off          ;
; 111      ; 127        ; 2        ; Lsignalin[4]   ; input  ; 3.3-V LVTTL  ;           ; Column I/O ; Y               ; no       ; Off          ;
; 112      ; 129        ; 2        ; Lsignalin[3]   ; input  ; 3.3-V LVTTL  ;           ; Column I/O ; Y               ; no       ; Off          ;
; 113      ; 131        ; 2        ; Lsignalin[2]   ; input  ; 3.3-V LVTTL  ;           ; Column I/O ; Y               ; no       ; Off          ;
; 114      ; 133        ; 2        ; Lsignalin[1]   ; input  ; 3.3-V LVTTL  ;           ; Column I/O ; Y               ; no       ; Off          ;
; 115      ;            ;          ; GNDIO          ; gnd    ;              ;           ; --         ;                 ; --       ; --           ;
; 116      ;            ; 2        ; VCCIO2         ; power  ;              ; 3.3V      ; --         ;                 ; --       ; --           ;
; 117      ; 135        ; 2        ; Lsignalin[0]   ; input  ; 3.3-V LVTTL  ;           ; Column I/O ; Y               ; no       ; Off          ;
; 118      ; 136        ; 2        ; RESERVED_INPUT ;        ;              ;           ; Column I/O ;                 ; no       ; Off          ;
; 119      ; 137        ; 2        ; RESERVED_INPUT ;        ;              ;           ; Column I/O ;                 ; no       ; Off          ;
; 120      ; 138        ; 2        ; RESERVED_INPUT ;        ;              ;           ; Column I/O ;                 ; no       ; Off          ;
; 121      ; 139        ; 2        ; RESERVED_INPUT ;        ;              ;           ; Column I/O ;                 ; no       ; Off          ;
; 122      ; 140        ; 2        ; RESERVED_INPUT ;        ;              ;           ; Column I/O ;                 ; no       ; Off          ;
; 123      ; 141        ; 2        ; RESERVED_INPUT ;        ;              ;           ; Column I/O ;                 ; no       ; Off          ;
; 124      ; 142        ; 2        ; RESERVED_INPUT ;        ;              ;           ; Column I/O ;                 ; no       ; Off          ;
; 125      ; 143        ; 2        ; RESERVED_INPUT ;        ;              ;           ; Column I/O ;                 ; no       ; Off          ;
; 126      ;            ;          ; VCCINT         ; power  ;              ; 2.5V/3.3V ; --         ;                 ; --       ; --           ;
; 127      ; 144        ; 2        ; RESERVED_INPUT ;        ;              ;           ; Column I/O ;                 ; no       ; Off          ;
; 128      ;            ;          ; GNDINT         ; gnd    ;              ;           ; --         ;                 ; --       ; --           ;
; 129      ; 145        ; 2        ; RESERVED_INPUT ;        ;              ;           ; Column I/O ;                 ; no       ; Off          ;
; 130      ; 146        ; 2        ; clkin          ; input  ; 3.3-V LVTTL  ;           ; Column I/O ; Y               ; no       ; Off          ;
; 131      ; 147        ; 2        ; RESERVED_INPUT ;        ;              ;           ; Column I/O ;                 ; no       ; Off          ;
; 132      ; 148        ; 2        ; RESERVED_INPUT ;        ;              ;           ; Column I/O ;                 ; no       ; Off          ;
; 133      ; 149        ; 2        ; RESERVED_INPUT ;        ;              ;           ; Column I/O ;                 ; no       ; Off          ;
; 134      ; 150        ; 2        ; RESERVED_INPUT ;        ;              ;           ; Column I/O ;                 ; no       ; Off          ;
; 135      ;            ;          ; GNDIO          ; gnd    ;              ;           ; --         ;                 ; --       ; --           ;
; 136      ;            ; 2        ; VCCIO2         ; power  ;              ; 3.3V      ; --         ;                 ; --       ; --           ;
; 137      ; 151        ; 2        ; dataout[0]     ; output ; 3.3-V LVTTL  ;           ; Column I/O ; Y               ; no       ; Off          ;
; 138      ; 152        ; 2        ; dataout[1]     ; output ; 3.3-V LVTTL  ;           ; Column I/O ; Y               ; no       ; Off          ;
; 139      ; 153        ; 2        ; dataout[2]     ; output ; 3.3-V LVTTL  ;           ; Column I/O ; Y               ; no       ; Off          ;
; 140      ; 155        ; 2        ; dataout[3]     ; output ; 3.3-V LVTTL  ;           ; Column I/O ; Y               ; no       ; Off          ;
; 141      ; 156        ; 2        ; dataout[4]     ; output ; 3.3-V LVTTL  ;           ; Column I/O ; Y               ; no       ; Off          ;
; 142      ; 158        ; 2        ; dataout[5]     ; output ; 3.3-V LVTTL  ;           ; Column I/O ; Y               ; no       ; Off          ;
; 143      ; 161        ; 2        ; dataout[6]     ; output ; 3.3-V LVTTL  ;           ; Column I/O ; Y               ; no       ; Off          ;
; 144      ; 163        ; 2        ; dataout[7]     ; output ; 3.3-V LVTTL  ;           ; Column I/O ; Y               ; no       ; Off          ;
+----------+------------+----------+----------------+--------+--------------+-----------+------------+-----------------+----------+--------------+
Note: Pin directions (input, output or bidir) are based on device operating in user mode.


+-------------------------------------------------------------+
; Output Pin Default Load For Reported TCO                    ;
+----------------------------+-------+------------------------+
; I/O Standard               ; Load  ; Termination Resistance ;
+----------------------------+-------+------------------------+
; 3.3-V LVTTL                ; 10 pF ; Not Available          ;
; 3.3-V LVCMOS               ; 10 pF ; Not Available          ;
; 2.5 V                      ; 10 pF ; Not Available          ;
; 1.8 V                      ; 10 pF ; Not Available          ;
; 1.5 V                      ; 10 pF ; Not Available          ;
; 3.3V Schmitt Trigger Input ; 10 pF ; Not Available          ;
; 2.5V Schmitt Trigger Input ; 10 pF ; Not Available          ;
+----------------------------+-------+------------------------+
Note: User assignments will override these defaults. The user specified values are listed in the Output Pins and Bidir Pins tables.


+----------------------------------------------------------------------------------------------------------------------------------------------------------------------------------------------------------------------------------------+
; Fitter Resource Utilization by Entity                                                                                                                                                                                                  ;
+----------------------------+-------------+--------------+------------+------+--------------+--------------+-------------------+------------------+-----------------+------------+-------------------------+-------------+--------------+
; Compilation Hierarchy Node ; Logic Cells ; LC Registers ; UFM Blocks ; Pins ; Virtual Pins ; LUT-Only LCs ; Register-Only LCs ; LUT/Register LCs ; Carry Chain LCs ; Packed LCs ; Full Hierarchy Name     ; Entity Name ; Library Name ;
+----------------------------+-------------+--------------+------------+------+--------------+--------------+-------------------+------------------+-----------------+------------+-------------------------+-------------+--------------+
; |topdesign                 ; 284 (0)     ; 74           ; 0          ; 84   ; 0            ; 210 (0)      ; 6 (0)             ; 68 (0)           ; 135 (0)         ; 58 (0)     ; |topdesign              ; topdesign   ; work         ;
;    |SlaveChip:U0|          ; 284 (284)   ; 74           ; 0          ; 0    ; 0            ; 210 (210)    ; 6 (6)             ; 68 (68)          ; 135 (135)       ; 58 (58)    ; |topdesign|SlaveChip:U0 ; SlaveChip   ; work         ;
+----------------------------+-------------+--------------+------------+------+--------------+--------------+-------------------+------------------+-----------------+------------+-------------------------+-------------+--------------+
Note: For table entries with two numbers listed, the numbers in parentheses indicate the number of resources of the given type used by the specific entity alone. The numbers listed outside of parentheses indicate the total resources of the given type used by the specific entity and all of its sub-entities in the hierarchy.


+------------------------------------------+
; Delay Chain Summary                      ;
+---------------+----------+---------------+
; Name          ; Pin Type ; Pad to Core 0 ;
+---------------+----------+---------------+
; dataout[0]    ; Output   ; --            ;
; dataout[1]    ; Output   ; --            ;
; dataout[2]    ; Output   ; --            ;
; dataout[3]    ; Output   ; --            ;
; dataout[4]    ; Output   ; --            ;
; dataout[5]    ; Output   ; --            ;
; dataout[6]    ; Output   ; --            ;
; dataout[7]    ; Output   ; --            ;
; cs            ; Output   ; --            ;
; cs_led        ; Output   ; --            ;
; enwipe_led    ; Output   ; --            ;
; address[5]    ; Input    ; (0)           ;
; address[6]    ; Input    ; (0)           ;
; address[7]    ; Input    ; (0)           ;
; address[0]    ; Input    ; (0)           ;
; address[1]    ; Input    ; (0)           ;
; address[2]    ; Input    ; (0)           ;
; address[3]    ; Input    ; (0)           ;
; address[4]    ; Input    ; (0)           ;
; clkin         ; Input    ; (0)           ;
; Lsignalin[63] ; Input    ; (0)           ;
; Lsignalin[0]  ; Input    ; (0)           ;
; Lsignalin[1]  ; Input    ; (0)           ;
; Lsignalin[2]  ; Input    ; (0)           ;
; Lsignalin[3]  ; Input    ; (0)           ;
; Lsignalin[4]  ; Input    ; (0)           ;
; Lsignalin[5]  ; Input    ; (0)           ;
; Lsignalin[6]  ; Input    ; (0)           ;
; Lsignalin[7]  ; Input    ; (0)           ;
; Lsignalin[8]  ; Input    ; (0)           ;
; Lsignalin[9]  ; Input    ; (0)           ;
; Lsignalin[10] ; Input    ; (0)           ;
; Lsignalin[11] ; Input    ; (0)           ;
; Lsignalin[12] ; Input    ; (0)           ;
; Lsignalin[13] ; Input    ; (0)           ;
; Lsignalin[14] ; Input    ; (0)           ;
; Lsignalin[15] ; Input    ; (0)           ;
; Lsignalin[16] ; Input    ; (0)           ;
; Lsignalin[17] ; Input    ; (0)           ;
; Lsignalin[18] ; Input    ; (0)           ;
; Lsignalin[19] ; Input    ; (0)           ;
; Lsignalin[20] ; Input    ; (0)           ;
; Lsignalin[21] ; Input    ; (0)           ;
; Lsignalin[22] ; Input    ; (0)           ;
; Lsignalin[23] ; Input    ; (0)           ;
; Lsignalin[24] ; Input    ; (0)           ;
; Lsignalin[25] ; Input    ; (0)           ;
; Lsignalin[26] ; Input    ; (0)           ;
; Lsignalin[27] ; Input    ; (0)           ;
; Lsignalin[28] ; Input    ; (0)           ;
; Lsignalin[29] ; Input    ; (0)           ;
; Lsignalin[30] ; Input    ; (0)           ;
; Lsignalin[31] ; Input    ; (0)           ;
; Lsignalin[32] ; Input    ; (0)           ;
; Lsignalin[33] ; Input    ; (0)           ;
; Lsignalin[34] ; Input    ; (0)           ;
; Lsignalin[35] ; Input    ; (0)           ;
; Lsignalin[36] ; Input    ; (0)           ;
; Lsignalin[37] ; Input    ; (0)           ;
; Lsignalin[38] ; Input    ; (0)           ;
; Lsignalin[39] ; Input    ; (0)           ;
; Lsignalin[40] ; Input    ; (0)           ;
; Lsignalin[41] ; Input    ; (0)           ;
; Lsignalin[42] ; Input    ; (0)           ;
; Lsignalin[43] ; Input    ; (0)           ;
; Lsignalin[44] ; Input    ; (0)           ;
; Lsignalin[45] ; Input    ; (0)           ;
; Lsignalin[46] ; Input    ; (0)           ;
; Lsignalin[47] ; Input    ; (0)           ;
; Lsignalin[48] ; Input    ; (0)           ;
; Lsignalin[49] ; Input    ; (0)           ;
; Lsignalin[50] ; Input    ; (0)           ;
; Lsignalin[51] ; Input    ; (0)           ;
; Lsignalin[52] ; Input    ; (0)           ;
; Lsignalin[53] ; Input    ; (0)           ;
; Lsignalin[54] ; Input    ; (0)           ;
; Lsignalin[55] ; Input    ; (0)           ;
; Lsignalin[56] ; Input    ; (0)           ;
; Lsignalin[57] ; Input    ; (0)           ;
; Lsignalin[58] ; Input    ; (0)           ;
; Lsignalin[59] ; Input    ; (0)           ;
; Lsignalin[60] ; Input    ; (0)           ;
; Lsignalin[61] ; Input    ; (0)           ;
; Lsignalin[62] ; Input    ; (0)           ;
+---------------+----------+---------------+


+--------------------------------------------------------------------------------------------------------------------------+
; Control Signals                                                                                                          ;
+-------------------------------+-------------+---------+---------------+--------+----------------------+------------------+
; Name                          ; Location    ; Fan-Out ; Usage         ; Global ; Global Resource Used ; Global Line Name ;
+-------------------------------+-------------+---------+---------------+--------+----------------------+------------------+
; SlaveChip:U0|Equal0~0         ; LC_X1_Y7_N2 ; 8       ; Output enable ; no     ; --                   ; --               ;
; SlaveChip:U0|LsignalNow[62]~0 ; LC_X5_Y5_N4 ; 64      ; Clock enable  ; no     ; --                   ; --               ;
; SlaveChip:U0|data[7]~0        ; LC_X8_Y7_N9 ; 8       ; Clock enable  ; no     ; --                   ; --               ;
; clkin                         ; PIN_130     ; 74      ; Clock         ; yes    ; Global Clock         ; GCLK3            ;
+-------------------------------+-------------+---------+---------------+--------+----------------------+------------------+


+----------------------------------------------------------------------+
; Global & Other Fast Signals                                          ;
+-------+----------+---------+----------------------+------------------+
; Name  ; Location ; Fan-Out ; Global Resource Used ; Global Line Name ;
+-------+----------+---------+----------------------+------------------+
; clkin ; PIN_130  ; 74      ; Global Clock         ; GCLK3            ;
+-------+----------+---------+----------------------+------------------+


+----------------------------------------------+
; Routing Usage Summary                        ;
+-----------------------+----------------------+
; Routing Resource Type ; Usage                ;
+-----------------------+----------------------+
; C4s                   ; 256 / 1,624 ( 16 % ) ;
; Direct links          ; 83 / 1,930 ( 4 % )   ;
; Global clocks         ; 1 / 4 ( 25 % )       ;
; LAB clocks            ; 8 / 56 ( 14 % )      ;
; LUT chains            ; 6 / 513 ( 1 % )      ;
; Local interconnects   ; 473 / 1,930 ( 25 % ) ;
; R4s                   ; 360 / 1,472 ( 24 % ) ;
+-----------------------+----------------------+


+---------------------------------------------------------------------------+
; LAB Logic Elements                                                        ;
+--------------------------------------------+------------------------------+
; Number of Logic Elements  (Average = 8.11) ; Number of LABs  (Total = 35) ;
+--------------------------------------------+------------------------------+
; 1                                          ; 0                            ;
; 2                                          ; 1                            ;
; 3                                          ; 3                            ;
; 4                                          ; 1                            ;
; 5                                          ; 1                            ;
; 6                                          ; 2                            ;
; 7                                          ; 4                            ;
; 8                                          ; 0                            ;
; 9                                          ; 6                            ;
; 10                                         ; 17                           ;
+--------------------------------------------+------------------------------+


+-------------------------------------------------------------------+
; LAB-wide Signals                                                  ;
+------------------------------------+------------------------------+
; LAB-wide Signals  (Average = 1.09) ; Number of LABs  (Total = 35) ;
+------------------------------------+------------------------------+
; 1 Clock                            ; 20                           ;
; 1 Clock enable                     ; 18                           ;
+------------------------------------+------------------------------+


+----------------------------------------------------------------------------+
; LAB Signals Sourced                                                        ;
+---------------------------------------------+------------------------------+
; Number of Signals Sourced  (Average = 9.34) ; Number of LABs  (Total = 35) ;
+---------------------------------------------+------------------------------+
; 0                                           ; 0                            ;
; 1                                           ; 0                            ;
; 2                                           ; 1                            ;
; 3                                           ; 3                            ;
; 4                                           ; 0                            ;
; 5                                           ; 1                            ;
; 6                                           ; 3                            ;
; 7                                           ; 2                            ;
; 8                                           ; 5                            ;
; 9                                           ; 4                            ;
; 10                                          ; 2                            ;
; 11                                          ; 4                            ;
; 12                                          ; 4                            ;
; 13                                          ; 2                            ;
; 14                                          ; 2                            ;
; 15                                          ; 0                            ;
; 16                                          ; 0                            ;
; 17                                          ; 1                            ;
; 18                                          ; 0                            ;
; 19                                          ; 0                            ;
; 20                                          ; 1                            ;
+---------------------------------------------+------------------------------+


+--------------------------------------------------------------------------------+
; LAB Signals Sourced Out                                                        ;
+-------------------------------------------------+------------------------------+
; Number of Signals Sourced Out  (Average = 7.40) ; Number of LABs  (Total = 35) ;
+-------------------------------------------------+------------------------------+
; 0                                               ; 0                            ;
; 1                                               ; 1                            ;
; 2                                               ; 1                            ;
; 3                                               ; 3                            ;
; 4                                               ; 2                            ;
; 5                                               ; 6                            ;
; 6                                               ; 5                            ;
; 7                                               ; 3                            ;
; 8                                               ; 4                            ;
; 9                                               ; 0                            ;
; 10                                              ; 3                            ;
; 11                                              ; 2                            ;
; 12                                              ; 2                            ;
; 13                                              ; 0                            ;
; 14                                              ; 1                            ;
; 15                                              ; 0                            ;
; 16                                              ; 1                            ;
; 17                                              ; 0                            ;
; 18                                              ; 0                            ;
; 19                                              ; 0                            ;
; 20                                              ; 1                            ;
+-------------------------------------------------+------------------------------+


+-----------------------------------------------------------------------------+
; LAB Distinct Inputs                                                         ;
+----------------------------------------------+------------------------------+
; Number of Distinct Inputs  (Average = 12.34) ; Number of LABs  (Total = 35) ;
+----------------------------------------------+------------------------------+
; 0                                            ; 0                            ;
; 1                                            ; 0                            ;
; 2                                            ; 0                            ;
; 3                                            ; 0                            ;
; 4                                            ; 3                            ;
; 5                                            ; 1                            ;
; 6                                            ; 2                            ;
; 7                                            ; 2                            ;
; 8                                            ; 1                            ;
; 9                                            ; 2                            ;
; 10                                           ; 2                            ;
; 11                                           ; 1                            ;
; 12                                           ; 3                            ;
; 13                                           ; 5                            ;
; 14                                           ; 2                            ;
; 15                                           ; 2                            ;
; 16                                           ; 1                            ;
; 17                                           ; 3                            ;
; 18                                           ; 1                            ;
; 19                                           ; 0                            ;
; 20                                           ; 1                            ;
; 21                                           ; 1                            ;
; 22                                           ; 1                            ;
; 23                                           ; 0                            ;
; 24                                           ; 0                            ;
; 25                                           ; 1                            ;
+----------------------------------------------+------------------------------+


+--------------------------------------------------------------------+
; Fitter Device Options                                              ;
+----------------------------------------------+---------------------+
; Option                                       ; Setting             ;
+----------------------------------------------+---------------------+
; Enable user-supplied start-up clock (CLKUSR) ; Off                 ;
; Enable device-wide reset (DEV_CLRn)          ; Off                 ;
; Enable device-wide output enable (DEV_OE)    ; Off                 ;
; Enable INIT_DONE output                      ; Off                 ;
; Configuration scheme                         ; Passive Serial      ;
; Reserve all unused pins                      ; As input tri-stated ;
+----------------------------------------------+---------------------+


+-----------------+
; Fitter Messages ;
+-----------------+
Warning (20028): Parallel compilation is not licensed and has been disabled
Info (119006): Selected device EPM570T144C5 for design "ChipA"
Info (21077): Low junction temperature is 0 degrees C
Info (21077): High junction temperature is 85 degrees C
Info (171003): Fitter is performing an Auto Fit compilation, which may decrease Fitter effort to reduce compilation time
Warning (292013): Feature LogicLock is only available with a valid subscription license. You can purchase a software subscription to gain full access to this feature.
Info (176444): Device migration not selected. If you intend to use device migration later, you may need to change the pin assignments as they may be incompatible with other devices
    Info (176445): Device EPM570T144I5 is compatible
    Info (176445): Device EPM570T144A5 is compatible
    Info (176445): Device EPM1270T144C5 is compatible
    Info (176445): Device EPM1270T144I5 is compatible
    Info (176445): Device EPM1270T144A5 is compatible
Critical Warning (332012): Synopsys Design Constraints File file not found: 'ChipA.sdc'. A Synopsys Design Constraints File is required by the TimeQuest Timing Analyzer to get proper timing constraints. Without it, the Compiler will not properly optimize the design.
Info (332144): No user constrained base clocks found in the design
Info (332128): Timing requirements not specified -- optimizing circuit to achieve the following default global requirements
    Info (332127): Assuming a default timing requirement
Info (332111): Found 1 clocks
    Info (332111):   Period   Clock Name
    Info (332111): ======== ============
    Info (332111):    1.000        clkin
Info (186079): Completed User Assigned Global Signals Promotion Operation
Info (186215): Automatically promoted signal "clkin" to use Global clock File: C:/Users/starl/Desktop/Atongbu/topdesign.v Line: 5
Info (186228): Pin "clkin" drives global clock, but is not placed in a dedicated clock pin position File: C:/Users/starl/Desktop/Atongbu/topdesign.v Line: 5
Info (186079): Completed Auto Global Promotion Operation
Info (176234): Starting register packing
Info (186468): Started processing fast register assignments
Info (186469): Finished processing fast register assignments
Info (176235): Finished register packing
Info (171121): Fitter preparation operations ending: elapsed time is 00:00:02
Info (14896): Fitter has disabled Advanced Physical Optimization because it is not supported for the current family.
Info (170189): Fitter placement preparation operations beginning
Info (170190): Fitter placement preparation operations ending: elapsed time is 00:00:00
Info (170191): Fitter placement operations beginning
Info (170137): Fitter placement was successful
Info (170192): Fitter placement operations ending: elapsed time is 00:00:01
Info (170193): Fitter routing operations beginning
Info (170195): Router estimated average interconnect usage is 19% of the available device resources
    Info (170196): Router estimated peak interconnect usage is 19% of the available device resources in the region that extends from location X0_Y0 to location X13_Y8
Info (170199): The Fitter performed an Auto Fit compilation.  Optimizations were skipped to reduce compilation time.
    Info (170201): Optimizations that may affect the design's routability were skipped
Info (170194): Fitter routing operations ending: elapsed time is 00:00:01
Info (11888): Total time spent on timing analysis during the Fitter is 0.25 seconds.
Info (11218): Fitter post-fit operations ending: elapsed time is 00:00:00
Info (144001): Generated suppressed messages file C:/Users/starl/Desktop/Atongbu/output_files/ChipA.fit.smsg
Info: Quartus Prime Fitter was successful. 0 errors, 3 warnings
    Info: Peak virtual memory: 1085 megabytes
    Info: Processing ended: Thu Oct 13 16:44:21 2016
    Info: Elapsed time: 00:00:12
    Info: Total CPU time (on all processors): 00:00:03


+----------------------------+
; Fitter Suppressed Messages ;
+----------------------------+
The suppressed messages can be found in C:/Users/starl/Desktop/Atongbu/output_files/ChipA.fit.smsg.


