Flow report for ChipA
Thu Oct 13 16:44:31 2016
Quartus Prime Version 16.0.0 Build 211 04/27/2016 SJ Lite Edition


---------------------
; Table of Contents ;
---------------------
  1. Legal Notice
  2. Flow Summary
  3. Flow Settings
  4. Flow Non-Default Global Settings
  5. Flow Elapsed Time
  6. Flow OS Summary
  7. Flow Log
  8. Flow Messages
  9. Flow Suppressed Messages



----------------
; Legal Notice ;
----------------
Copyright (C) 1991-2016 Altera Corporation. All rights reserved.
Your use of Altera Corporation's design tools, logic functions 
and other software and tools, and its AMPP partner logic 
functions, and any output files from any of the foregoing 
(including device programming or simulation files), and any 
associated documentation or information are expressly subject 
to the terms and conditions of the Altera Program License 
Subscription Agreement, the Altera Quartus Prime License Agreement,
the Altera MegaCore Function License Agreement, or other 
applicable license agreement, including, without limitation, 
that your use is for the sole purpose of programming logic 
devices manufactured by Altera and sold by Altera or its 
authorized distributors.  Please refer to the applicable 
agreement for further details.



+---------------------------------------------------------------------+
; Flow Summary                                                        ;
+-----------------------+---------------------------------------------+
; Flow Status           ; Successful - Thu Oct 13 16:44:31 2016       ;
; Quartus Prime Version ; 16.0.0 Build 211 04/27/2016 SJ Lite Edition ;
; Revision Name         ; ChipA                                       ;
; Top-level Entity Name ; topdesign                                   ;
; Family                ; MAX II                                      ;
; Device                ; EPM570T144C5                                ;
; Timing Models         ; Final                                       ;
; Total logic elements  ; 284 / 570 ( 50 % )                          ;
; Total pins            ; 84 / 116 ( 72 % )                           ;
; Total virtual pins    ; 0                                           ;
; UFM blocks            ; 0 / 1 ( 0 % )                               ;
+-----------------------+---------------------------------------------+


+-----------------------------------------+
; Flow Settings                           ;
+-------------------+---------------------+
; Option            ; Setting             ;
+-------------------+---------------------+
; Start date & time ; 10/13/2016 16:43:43 ;
; Main task         ; Compilation         ;
; Revision Name     ; ChipA               ;
+-------------------+---------------------+


+------------------------------------------------------------------------------------------------------------------------------------------------------------+
; Flow Non-Default Global Settings                                                                                                                           ;
+-----------------------------------+------------------------------------------------------+---------------+-------------+-----------------------------------+
; Assignment Name                   ; Value                                                ; Default Value ; Entity Name ; Section Id                        ;
+-----------------------------------+------------------------------------------------------+---------------+-------------+-----------------------------------+
; COMPILER_SIGNATURE_ID             ; 27278918993871.147634822202572                       ; --            ; --          ; --                                ;
; EDA_OUTPUT_DATA_FORMAT            ; Vhdl                                                 ; --            ; --          ; eda_simulation                    ;
; EDA_OUTPUT_DATA_FORMAT            ; None                                                 ; --            ; --          ; eda_board_design_signal_integrity ;
; EDA_SIMULATION_TOOL               ; ModelSim-Altera (VHDL)                               ; <None>        ; --          ; --                                ;
; ENABLE_LOGIC_ANALYZER_INTERFACE   ; Off                                                  ; --            ; --          ; --                                ;
; MAX_CORE_JUNCTION_TEMP            ; 85                                                   ; --            ; --          ; --                                ;
; MIN_CORE_JUNCTION_TEMP            ; 0                                                    ; --            ; --          ; --                                ;
; POWER_PRESET_COOLING_SOLUTION     ; No Heat Sink With Still Air                          ; --            ; --          ; --                                ;
; PROJECT_OUTPUT_DIRECTORY          ; output_files                                         ; --            ; --          ; --                                ;
; TOP_LEVEL_ENTITY                  ; topdesign                                            ; ChipA         ; --          ; --                                ;
; USE_LOGIC_ANALYZER_INTERFACE_FILE ; C:/Users/starl/Desktop/Atongbu/output_files/lai1.lai ; --            ; --          ; --                                ;
+-----------------------------------+------------------------------------------------------+---------------+-------------+-----------------------------------+


+-------------------------------------------------------------------------------------------------------------------------------+
; Flow Elapsed Time                                                                                                             ;
+---------------------------+--------------+-------------------------+---------------------+------------------------------------+
; Module Name               ; Elapsed Time ; Average Processors Used ; Peak Virtual Memory ; Total CPU Time (on all processors) ;
+---------------------------+--------------+-------------------------+---------------------+------------------------------------+
; Analysis & Synthesis      ; 00:00:26     ; 1.0                     ; 808 MB              ; 00:00:40                           ;
; Fitter                    ; 00:00:11     ; 1.0                     ; 1085 MB             ; 00:00:03                           ;
; Assembler                 ; 00:00:02     ; 1.0                     ; 743 MB              ; 00:00:01                           ;
; TimeQuest Timing Analyzer ; 00:00:02     ; 1.0                     ; 765 MB              ; 00:00:01                           ;
; EDA Netlist Writer        ; 00:00:01     ; 1.0                     ; 712 MB              ; 00:00:01                           ;
; Total                     ; 00:00:42     ; --                      ; --                  ; 00:00:46                           ;
+---------------------------+--------------+-------------------------+---------------------+------------------------------------+


+----------------------------------------------------------------------------------------+
; Flow OS Summary                                                                        ;
+---------------------------+------------------+-----------+------------+----------------+
; Module Name               ; Machine Hostname ; OS Name   ; OS Version ; Processor type ;
+---------------------------+------------------+-----------+------------+----------------+
; Analysis & Synthesis      ; Starle-Laptop    ; Windows 8 ; 6.2        ; x86_64         ;
; Fitter                    ; Starle-Laptop    ; Windows 8 ; 6.2        ; x86_64         ;
; Assembler                 ; Starle-Laptop    ; Windows 8 ; 6.2        ; x86_64         ;
; TimeQuest Timing Analyzer ; Starle-Laptop    ; Windows 8 ; 6.2        ; x86_64         ;
; EDA Netlist Writer        ; Starle-Laptop    ; Windows 8 ; 6.2        ; x86_64         ;
+---------------------------+------------------+-----------+------------+----------------+


------------
; Flow Log ;
------------
quartus_map --read_settings_files=on --write_settings_files=off ChipA -c ChipA
quartus_fit --read_settings_files=off --write_settings_files=off ChipA -c ChipA
quartus_asm --read_settings_files=off --write_settings_files=off ChipA -c ChipA
quartus_sta ChipA -c ChipA
quartus_eda --read_settings_files=off --write_settings_files=off ChipA -c ChipA



